Using pre-set license
Built from '2021.3/staging' branch; Version is '2021.3.4f1 (cb45f9cae8b7) revision 13321721'; Using compiler version '192829333'; Build Type 'Release'
OS: 'Windows 10  (10.0.19042) 64bit ProfessionalEducation' Language: 'es' Physical Memory: 4000 MB
BatchMode: 1, IsHumanControllingUs: 0, StartBugReporterOnCrash: 0, Is64bit: 1, IsPro: 1

COMMAND LINE ARGUMENTS:
C:\Program Files\Unity\Hub\Editor\2021.3.4f1\Editor\Unity.exe
-adb2
-batchMode
-noUpm
-name
AssetImportWorker171
-projectPath
C:/gitHub3110/design2/MAPEADO
-logFile
Logs/AssetImportWorker171.log
-srvPort
63766
Successfully changed project path to: C:/gitHub3110/design2/MAPEADO
C:/gitHub3110/design2/MAPEADO
[UnityMemory] Configuration Parameters - Can be set up in boot.config
    "memorysetup-bucket-allocator-granularity=16"
    "memorysetup-bucket-allocator-bucket-count=8"
    "memorysetup-bucket-allocator-block-size=33554432"
    "memorysetup-bucket-allocator-block-count=8"
    "memorysetup-main-allocator-block-size=16777216"
    "memorysetup-thread-allocator-block-size=16777216"
    "memorysetup-gfx-main-allocator-block-size=16777216"
    "memorysetup-gfx-thread-allocator-block-size=16777216"
    "memorysetup-cache-allocator-block-size=4194304"
    "memorysetup-typetree-allocator-block-size=2097152"
    "memorysetup-profiler-bucket-allocator-granularity=16"
    "memorysetup-profiler-bucket-allocator-bucket-count=8"
    "memorysetup-profiler-bucket-allocator-block-size=33554432"
    "memorysetup-profiler-bucket-allocator-block-count=8"
    "memorysetup-profiler-allocator-block-size=16777216"
    "memorysetup-profiler-editor-allocator-block-size=1048576"
    "memorysetup-temp-allocator-size-main=16777216"
    "memorysetup-job-temp-allocator-block-size=2097152"
    "memorysetup-job-temp-allocator-block-size-background=1048576"
    "memorysetup-job-temp-allocator-reduction-small-platforms=262144"
    "memorysetup-temp-allocator-size-background-worker=32768"
    "memorysetup-temp-allocator-size-job-worker=262144"
    "memorysetup-temp-allocator-size-preload-manager=33554432"
    "memorysetup-temp-allocator-size-nav-mesh-worker=65536"
    "memorysetup-temp-allocator-size-audio-worker=65536"
    "memorysetup-temp-allocator-size-cloud-worker=32768"
    "memorysetup-temp-allocator-size-gi-baking-worker=262144"
    "memorysetup-temp-allocator-size-gfx=262144"
mdb reader table full -> cleaning up stale readers. Current readers:
    pid     thread     txnid
     11008 3340 -
     12824 18a8 -
     11008 25f4 -
     11008 934 -
     11856 266c -
     10328 36b8 -
     13068 3180 -
      9672 e8 -
      7908 16a0 -
      9496 1c80 -
     12204 24a0 -
      9872 3724 -
      7300 2ef8 -
      8632 2920 -
      2308 1c14 -
      1304 21b0 -
      2928 2d30 -
     10200 2810 -
      9460 33cc -
      9960 3454 -
     10608 1988 7533
     13896 31ac -
      9592 980 7535
      9224 d6c -
     10752 24b0 -
      1532 37a4 -
      6188 2310 7538
     10732 2550 7539
     11480 26c8 -
     13576 cc0 -
      1912 256c -
      3232 1f4c -
      3268 2658 -
     11684 2b9c 7545
     13188 428 7547
      2624 548 7547
      6592 2aa0 -
      2896 31c0 -
     13628 204c -
      5156 3664 -
      6336 29bc -
      9996 2638 -
      7760 2a08 -
     12340 33dc -
     14060 216c -
     11448 f9c 7559
      8432 28d0 -
     13100 249c -
      4516 1fa4 -
     13920 2e0c 7564
      6456 3418 -
      5564 1d20 -
      6956 22a4 -
      5312 1c9c -
     10512 c1c -
     13768 3204 -
     10304 3688 -
     11432 2f90 -
      5248 1984 -
      7652 15c8 7584
      8824 4d4 7584
     10924 1188 7586
     11024 2c1c 7586
      5020 18ec 7588
      9620 3344 7588
     13092 c70 -
     10572 36fc -
      3288 225c -
      6624 df4 -
      9708 41c -
     11128 100c -
      1716 1a54 7595
     10652 2f78 7596
     10136 36e4 -
      1632 307c -
     10088 3540 -
     10588 27ec 7602
     12272 2a64 -
      9172 3350 -
      1872 1e34 7607
      9052 2bc8 -
      8756 1c94 -
      9956 12e8 -
      1892 31dc -
     11600 15f4 -
     14304 e34 -
      6948 15ec -
     14044 2818 -
       944 394 -
     12732 180c -
      4684 d20 -
     11980 151c -
     10872 6ac -
     12088 2778 -
     10520 17a8 -
      1916 c60 -
      3008 9f8 -
      8308 35c0 -
      7060 1748 -
      1480 1908 -
     10120 31c8 -
     10404 3238 -
     13512 2978 -
      6160 c4 -
      6464 1f54 -
     12416 2528 -
      8920 b1c -
     10280 2250 -
      8792 1258 -
      1004 2960 -
     13948 2e54 -
     12556 21fc 7649
     11000 1b4 -
     10644 1fc8 -
      8072 265c -
     12848 30b8 -
     13724 257c -
     13344 33e0 -
      1392 3314 -
      9228 286c -
     11576 1778 -
     10168 b64 -
      4440 e48 -
     10716 3784 -
     12344 2c14 -
     12020 2214 -
Cleaned out 119 stale readers
Refreshing native plugins compatible for Editor in 7868.54 ms, found 8 plugins.
Preloading 1 native plugins for Editor in 15.65 ms.
Initialize engine version: 2021.3.4f1 (cb45f9cae8b7)
[Subsystems] Discovering subsystems at path C:/Program Files/Unity/Hub/Editor/2021.3.4f1/Editor/Data/Resources/UnitySubsystems
[Subsystems] Discovering subsystems at path C:/gitHub3110/design2/MAPEADO/Assets
GfxDevice: creating device client; threaded=0; jobified=0
Direct3D:
    Version:  Direct3D 11.0 [level 11.1]
    Renderer: Intel(R) HD Graphics (ID=0x22b1)
    Vendor:   Intel
    VRAM:     2000 MB
    Driver:   20.19.15.5166
