Using pre-set license
Built from '2021.3/staging' branch; Version is '2021.3.4f1 (cb45f9cae8b7) revision 13321721'; Using compiler version '192829333'; Build Type 'Release'
OS: 'Windows 10  (10.0.19044) 64bit Professional' Language: 'es' Physical Memory: 24520 MB
BatchMode: 1, IsHumanControllingUs: 0, StartBugReporterOnCrash: 0, Is64bit: 1, IsPro: 1

COMMAND LINE ARGUMENTS:
C:\Program Files\Unity\Hub\Editor\2021.3.4f1\Editor\Unity.exe
-adb2
-batchMode
-noUpm
-name
AssetImportWorker4
-projectPath
C:/Users/kalex/prj/design2/MAPEADO
-logFile
Logs/AssetImportWorker4.log
-srvPort
54455
Successfully changed project path to: C:/Users/kalex/prj/design2/MAPEADO
C:/Users/kalex/prj/design2/MAPEADO
[UnityMemory] Configuration Parameters - Can be set up in boot.config
    "memorysetup-bucket-allocator-granularity=16"
    "memorysetup-bucket-allocator-bucket-count=8"
    "memorysetup-bucket-allocator-block-size=33554432"
    "memorysetup-bucket-allocator-block-count=8"
    "memorysetup-main-allocator-block-size=16777216"
    "memorysetup-thread-allocator-block-size=16777216"
    "memorysetup-gfx-main-allocator-block-size=16777216"
    "memorysetup-gfx-thread-allocator-block-size=16777216"
    "memorysetup-cache-allocator-block-size=4194304"
    "memorysetup-typetree-allocator-block-size=2097152"
    "memorysetup-profiler-bucket-allocator-granularity=16"
    "memorysetup-profiler-bucket-allocator-bucket-count=8"
    "memorysetup-profiler-bucket-allocator-block-size=33554432"
    "memorysetup-profiler-bucket-allocator-block-count=8"
    "memorysetup-profiler-allocator-block-size=16777216"
    "memorysetup-profiler-editor-allocator-block-size=1048576"
    "memorysetup-temp-allocator-size-main=16777216"
    "memorysetup-job-temp-allocator-block-size=2097152"
    "memorysetup-job-temp-allocator-block-size-background=1048576"
    "memorysetup-job-temp-allocator-reduction-small-platforms=262144"
    "memorysetup-temp-allocator-size-background-worker=32768"
    "memorysetup-temp-allocator-size-job-worker=262144"
    "memorysetup-temp-allocator-size-preload-manager=33554432"
    "memorysetup-temp-allocator-size-nav-mesh-worker=65536"
    "memorysetup-temp-allocator-size-audio-worker=65536"
    "memorysetup-temp-allocator-size-cloud-worker=32768"
    "memorysetup-temp-allocator-size-gi-baking-worker=262144"
    "memorysetup-temp-allocator-size-gfx=262144"
Refreshing native plugins compatible for Editor in 240.58 ms, found 8 plugins.
Preloading 1 native plugins for Editor in 0.41 ms.
Initialize engine version: 2021.3.4f1 (cb45f9cae8b7)
[Subsystems] Discovering subsystems at path C:/Program Files/Unity/Hub/Editor/2021.3.4f1/Editor/Data/Resources/UnitySubsystems
[Subsystems] Discovering subsystems at path C:/Users/kalex/prj/design2/MAPEADO/Assets
GfxDevice: creating device client; threaded=0; jobified=0
Direct3D:
    Version:  Direct3D 11.0 [level 11.1]
    Renderer: NVIDIA GeForce GTX 1050 Ti (ID=0x1c82)
    Vendor:   NVIDIA
    VRAM:     4018 MB
    Driver:   31.0.15.1748
Initialize mono
Mono path[0] = 'C:/Program Files/Unity/Hub/Editor/2021.3.4f1/Editor/Data/Managed'
Mono path[1] = 'C:/Program Files/Unity/Hub/Editor/2021.3.4f1/Editor/Data/MonoBleedingEdge/lib/mono/unityjit-win32'
Mono config path = 'C:/Program Files/Unity/Hub/Editor/2021.3.4f1/Editor/Data/MonoBleedingEdge/etc'
Using monoOptions --debugger-agent=transport=dt_socket,embedding=1,server=y,suspend=n,address=127.0.0.1:56228
Begin MonoManager ReloadAssembly
Registering precompiled unity dll's ...
Register platform support module: C:/Program Files/Unity/Hub/Editor/2021.3.4f1/Editor/Data/PlaybackEngines/WindowsStandaloneSupport/UnityEditor.WindowsStandalone.Extensions.dll
Register platform support module: C:/Program Files/Unity/Hub/Editor/2021.3.4f1/Editor/Data/PlaybackEngines/MetroSupport/UnityEditor.UWP.Extensions.dll
Registered in 0.009773 seconds.
Native extension for UWP target not found
Native extension for WindowsStandalone target not found
Refreshing native plugins compatible for Editor in 140.21 ms, found 8 plugins.
Preloading 1 native plugins for Editor in 0.07 ms.
Mono: successfully reloaded assembly
- Completed reload, in  0.788 seconds
Domain Reload Profiling:
	ReloadAssembly (788ms)
		BeginReloadAssembly (87ms)
			ExecutionOrderSort (0ms)
			DisableScriptedObjects (0ms)
			BackupInstance (0ms)
			ReleaseScriptingObjects (0ms)
			CreateAndSetChildDomain (1ms)
		EndReloadAssembly (571ms)
			LoadAssemblies (84ms)
			RebuildTransferFunctionScriptingTraits (0ms)
			SetupTypeCache (118ms)
			ReleaseScriptCaches (0ms)
			RebuildScriptCaches (31ms)
			SetupLoadedEditorAssemblies (363ms)
				LogAssemblyErrors (0ms)
				InitializePlatformSupportModulesInManaged (10ms)
				SetLoadedEditorAssemblies (0ms)
				RefreshPlugins (140ms)
				BeforeProcessingInitializeOnLoad (1ms)
				ProcessInitializeOnLoadAttributes (134ms)
				ProcessInitializeOnLoadMethodAttributes (77ms)
				AfterProcessingInitializeOnLoad (0ms)
				EditorAssembliesLoaded (0ms)
			ExecutionOrderSort2 (0ms)
			AwakeInstancesAfterBackupRestoration (0ms)
Platform modules already initialized, skipping
Registering precompiled user dll's ...
Registered in 0.017782 seconds.
Begin MonoManager ReloadAssembly
Symbol file data-000001D64AA32B80 doesn't match image C:\Users\kalex\prj\design2\MAPEADO\Library\ScriptAssemblies\Assembly-CSharp.dll
Symbol file LoadedFromMemory is not a mono symbol file
Symbol file data-000001D64AA32B80 doesn't match image C:\Users\kalex\prj\design2\MAPEADO\Library\ScriptAssemblies\Assembly-CSharp-Editor.dll
Symbol file LoadedFromMemory is not a mono symbol file
Symbol file LoadedFromMemory doesn't match image C:\Users\kalex\prj\design2\MAPEADO\Library\PackageCache\com.unity.visualscripting@1.7.8\Editor\VisualScripting.Core\Dependencies\DotNetZip\Unity.VisualScripting.IonicZip.dll
Symbol file LoadedFromMemory doesn't match image C:\Users\kalex\prj\design2\MAPEADO\Library\PackageCache\com.unity.visualscripting@1.7.8\Editor\VisualScripting.Core\Dependencies\YamlDotNet\Unity.VisualScripting.YamlDotNet.dll
Native extension for UWP target not found
Native extension for WindowsStandalone target not found
Refreshing native plugins compatible for Editor in 138.67 ms, found 8 plugins.
Preloading 1 native plugins for Editor in 0.07 ms.
Mono: successfully reloaded assembly
- Completed reload, in  1.594 seconds
Domain Reload Profiling:
	ReloadAssembly (1595ms)
		BeginReloadAssembly (129ms)
			ExecutionOrderSort (0ms)
			DisableScriptedObjects (6ms)
			BackupInstance (0ms)
			ReleaseScriptingObjects (0ms)
			CreateAndSetChildDomain (25ms)
		EndReloadAssembly (1339ms)
			LoadAssemblies (119ms)
			RebuildTransferFunctionScriptingTraits (0ms)
			SetupTypeCache (354ms)
			ReleaseScriptCaches (1ms)
			RebuildScriptCaches (85ms)
			SetupLoadedEditorAssemblies (733ms)
				LogAssemblyErrors (0ms)
				InitializePlatformSupportModulesInManaged (7ms)
				SetLoadedEditorAssemblies (0ms)
				RefreshPlugins (139ms)
				BeforeProcessingInitializeOnLoad (146ms)
				ProcessInitializeOnLoadAttributes (324ms)
				ProcessInitializeOnLoadMethodAttributes (107ms)
				AfterProcessingInitializeOnLoad (11ms)
				EditorAssembliesLoaded (0ms)
			ExecutionOrderSort2 (0ms)
			AwakeInstancesAfterBackupRestoration (6ms)
Platform modules already initialized, skipping
========================================================================
Worker process is ready to serve import requests
Launched and connected shader compiler UnityShaderCompiler.exe after 0.05 seconds
Refreshing native plugins compatible for Editor in 1.42 ms, found 8 plugins.
Preloading 1 native plugins for Editor in 0.13 ms.
Unloading 5419 Unused Serialized files (Serialized files now loaded: 0)
Unloading 85 unused Assets / (2.0 MB). Loaded Objects now: 5878.
Memory consumption went from 231.5 MB to 229.5 MB.
Total: 5.138600 ms (FindLiveObjects: 0.601900 ms CreateObjectMapping: 0.797200 ms MarkObjects: 3.224800 ms  DeleteObjects: 0.513500 ms)

AssetImportParameters requested are different than current active one (requested -> active):
  custom:video-decoder-ogg-theora: a1e56fd34408186e4bbccfd4996cb3dc -> 
  custom:container-muxer-webm: aa71ff27fc2769a1b78a27578f13a17b -> 
  custom:container-demuxer-webm: 4f35f7cbe854078d1ac9338744f61a02 -> 
  custom:video-encoder-webm-vp8: eb34c28f22e8b96e1ab97ce403110664 -> 
  custom:audio-encoder-webm-vorbis: bf7c407c2cedff20999df2af8eb42d56 -> 
  custom:framework-win-MediaFoundation: 216162199b28c13a410421893ffa2e32 -> 
  custom:container-demuxer-ogg: 62fdf1f143b41e24485cea50d1cbac27 -> 
  custom:video-decoder-webm-vp8: 9c59270c3fd7afecdb556c50c9e8de78 -> 
  custom:audio-decoder-ogg-vorbis: bf7c407c2cedff20999df2af8eb42d56 -> 
========================================================================
Received Import Request.
  Time since last request: 55032.816895 seconds.
  path: Assets/Textures/GameOver.png
  artifactKey: Guid(0b3b3c8b14a78814ab8faf908c4abc0b) Importer(815301076,1909f56bfc062723c751e8b465ee728b)
Start importing Assets/Textures/GameOver.png using Guid(0b3b3c8b14a78814ab8faf908c4abc0b) Importer(815301076,1909f56bfc062723c751e8b465ee728b)  -> (artifact id: 'c552582ef5461db668c4b2ef2836ca66') in 0.151103 seconds 
========================================================================
Received Import Request.
  Time since last request: 113.255851 seconds.
  path: Assets/Fonts/Another Danger - Demo.otf
  artifactKey: Guid(495d1878423e98d49910b2754c7c5dd8) Importer(815301076,1909f56bfc062723c751e8b465ee728b)
Start importing Assets/Fonts/Another Danger - Demo.otf using Guid(495d1878423e98d49910b2754c7c5dd8) Importer(815301076,1909f56bfc062723c751e8b465ee728b)  -> (artifact id: '1f7982032cef166ab9057a9ecb0eef88') in 0.802328 seconds 
========================================================================
Received Import Request.
  Time since last request: 0.000047 seconds.
  path: Assets/Fonts/HelpMe.ttf
  artifactKey: Guid(2090942cef7f74c478c2aeea93583799) Importer(815301076,1909f56bfc062723c751e8b465ee728b)
Start importing Assets/Fonts/HelpMe.ttf using Guid(2090942cef7f74c478c2aeea93583799) Importer(815301076,1909f56bfc062723c751e8b465ee728b)  -> (artifact id: '2ba95264bbe2000070c67997e9525038') in 0.108569 seconds 
========================================================================
Received Import Request.
  Time since last request: 0.000036 seconds.
  path: Assets/Fonts/horroroidleft.ttf
  artifactKey: Guid(ec96dc37cbf8c2943bf15054820cf834) Importer(815301076,1909f56bfc062723c751e8b465ee728b)
Start importing Assets/Fonts/horroroidleft.ttf using Guid(ec96dc37cbf8c2943bf15054820cf834) Importer(815301076,1909f56bfc062723c751e8b465ee728b)  -> (artifact id: 'b15899f1408b413b5d2fd554533d3f55') in 0.092062 seconds 
========================================================================
Received Import Request.
  Time since last request: 0.000028 seconds.
  path: Assets/Fonts/horroroid3d.ttf
  artifactKey: Guid(c1419a0e6a2b9b24ea17e254315d79eb) Importer(815301076,1909f56bfc062723c751e8b465ee728b)
Start importing Assets/Fonts/horroroid3d.ttf using Guid(c1419a0e6a2b9b24ea17e254315d79eb) Importer(815301076,1909f56bfc062723c751e8b465ee728b)  -> (artifact id: 'c575e7102370744344bcc9192365155f') in 0.110505 seconds 
========================================================================
Received Import Request.
  Time since last request: 0.000034 seconds.
  path: Assets/Fonts/Ghastly Panic.ttf
  artifactKey: Guid(449995700344a47479249c05bf8a9b3b) Importer(815301076,1909f56bfc062723c751e8b465ee728b)
Start importing Assets/Fonts/Ghastly Panic.ttf using Guid(449995700344a47479249c05bf8a9b3b) Importer(815301076,1909f56bfc062723c751e8b465ee728b)  -> (artifact id: '3f361cfa34264eae48fe3fa54a5c7447') in 0.155490 seconds 
========================================================================
Received Import Request.
  Time since last request: 0.000039 seconds.
  path: Assets/Fonts/horroroidlight.ttf
  artifactKey: Guid(b78b0a8ec1bcddb47921cd618ed7eec8) Importer(815301076,1909f56bfc062723c751e8b465ee728b)
Start importing Assets/Fonts/horroroidlight.ttf using Guid(b78b0a8ec1bcddb47921cd618ed7eec8) Importer(815301076,1909f56bfc062723c751e8b465ee728b)  -> (artifact id: 'ef147053ce40eafb53ef845de1626bc2') in 0.208759 seconds 
========================================================================
Received Import Request.
  Time since last request: 0.000177 seconds.
  path: Assets/Fonts/horroroidbold.ttf
  artifactKey: Guid(66e5e197ef638b44b975df2cd1f568ca) Importer(815301076,1909f56bfc062723c751e8b465ee728b)
Start importing Assets/Fonts/horroroidbold.ttf using Guid(66e5e197ef638b44b975df2cd1f568ca) Importer(815301076,1909f56bfc062723c751e8b465ee728b)  -> (artifact id: '3b523df661d1534c4203f8b727610f35') in 0.088926 seconds 
========================================================================
Received Import Request.
  Time since last request: 0.000043 seconds.
  path: Assets/Fonts/horroroidstag.ttf
  artifactKey: Guid(b489064db770f7b46b52957ce617dae5) Importer(815301076,1909f56bfc062723c751e8b465ee728b)
Start importing Assets/Fonts/horroroidstag.ttf using Guid(b489064db770f7b46b52957ce617dae5) Importer(815301076,1909f56bfc062723c751e8b465ee728b)  -> (artifact id: 'e0437517cf28c99313ed6669cdbcb3c8') in 0.075532 seconds 
========================================================================
Received Import Request.
  Time since last request: 0.000032 seconds.
  path: Assets/Fonts/horroroidrotate.ttf
  artifactKey: Guid(93b63ce967face447a15552d70371d39) Importer(815301076,1909f56bfc062723c751e8b465ee728b)
Start importing Assets/Fonts/horroroidrotate.ttf using Guid(93b63ce967face447a15552d70371d39) Importer(815301076,1909f56bfc062723c751e8b465ee728b)  -> (artifact id: 'a170946aa28ac2aeff283968ff26b837') in 0.090412 seconds 
========================================================================
Received Import Request.
  Time since last request: 0.000454 seconds.
  path: Assets/Fonts/horroroidboldital.ttf
  artifactKey: Guid(383ebb9de52c626449ca8dda80ca6935) Importer(815301076,1909f56bfc062723c751e8b465ee728b)
Start importing Assets/Fonts/horroroidboldital.ttf using Guid(383ebb9de52c626449ca8dda80ca6935) Importer(815301076,1909f56bfc062723c751e8b465ee728b)  -> (artifact id: '1ae5e594c5c85aee08cb9576472f693e') in 0.096156 seconds 
Editor requested this worker to shutdown with reason: Scaling down because of idle timeout
AssetImportWorker is now disconnected from the server
Process exiting
Exiting without the bug reporter. Application will terminate with return code 0