Using pre-set license
Built from '2021.3/staging' branch; Version is '2021.3.4f1 (cb45f9cae8b7) revision 13321721'; Using compiler version '192829333'; Build Type 'Release'
OS: 'Windows 10  (10.0.19042) 64bit ProfessionalEducation' Language: 'es' Physical Memory: 4000 MB
BatchMode: 1, IsHumanControllingUs: 0, StartBugReporterOnCrash: 0, Is64bit: 1, IsPro: 1

COMMAND LINE ARGUMENTS:
C:\Program Files\Unity\Hub\Editor\2021.3.4f1\Editor\Unity.exe
-adb2
-batchMode
-noUpm
-name
AssetImportWorker184
-projectPath
D:/usuarios/alumno/documentos/GitHub/design2/MAPEADO
-logFile
Logs/AssetImportWorker184.log
-srvPort
50206
Successfully changed project path to: D:/usuarios/alumno/documentos/GitHub/design2/MAPEADO
D:/usuarios/alumno/documentos/GitHub/design2/MAPEADO
[UnityMemory] Configuration Parameters - Can be set up in boot.config
    "memorysetup-bucket-allocator-granularity=16"
    "memorysetup-bucket-allocator-bucket-count=8"
    "memorysetup-bucket-allocator-block-size=33554432"
    "memorysetup-bucket-allocator-block-count=8"
    "memorysetup-main-allocator-block-size=16777216"
    "memorysetup-thread-allocator-block-size=16777216"
    "memorysetup-gfx-main-allocator-block-size=16777216"
    "memorysetup-gfx-thread-allocator-block-size=16777216"
    "memorysetup-cache-allocator-block-size=4194304"
    "memorysetup-typetree-allocator-block-size=2097152"
    "memorysetup-profiler-bucket-allocator-granularity=16"
    "memorysetup-profiler-bucket-allocator-bucket-count=8"
    "memorysetup-profiler-bucket-allocator-block-size=33554432"
    "memorysetup-profiler-bucket-allocator-block-count=8"
    "memorysetup-profiler-allocator-block-size=16777216"
    "memorysetup-profiler-editor-allocator-block-size=1048576"
    "memorysetup-temp-allocator-size-main=16777216"
    "memorysetup-job-temp-allocator-block-size=2097152"
    "memorysetup-job-temp-allocator-block-size-background=1048576"
    "memorysetup-job-temp-allocator-reduction-small-platforms=262144"
    "memorysetup-temp-allocator-size-background-worker=32768"
    "memorysetup-temp-allocator-size-job-worker=262144"
    "memorysetup-temp-allocator-size-preload-manager=33554432"
    "memorysetup-temp-allocator-size-nav-mesh-worker=65536"
    "memorysetup-temp-allocator-size-audio-worker=65536"
    "memorysetup-temp-allocator-size-cloud-worker=32768"
    "memorysetup-temp-allocator-size-gi-baking-worker=262144"
    "memorysetup-temp-allocator-size-gfx=262144"
mdb reader table full -> cleaning up stale readers. Current readers:
    pid     thread     txnid
     13160 2878 -
     13160 3d40 -
      9856 ac0 -
     13160 5a0 -
     13160 323c -
     15340 3230 -
     15024 3d60 -
     10416 1438 -
      8648 3e08 -
     12008 3be4 -
     15808 b44 -
     17056 11f4 -
     18224 3198 -
     10136 3560 -
      8120 1ed0 -
      5972 186c -
     10104 508 -
     14364 4c0 -
     14656 42a4 -
     13452 476c -
     16664 2e88 -
     12156 1bc8 2956
      6512 2628 2956
      6532 3f5c 2957
     15348 e64 2957
     15192 10f0 -
     16868 3738 2957
       340 1428 -
      2236 1da0 -
     13472 4200 -
     14020 421c -
     14828 d74 -
      4532 3b08 -
      2992 27f4 -
      4032 28a0 2972
     17456 37e8 -
     18244 2f38 -
       864 c9c 2975
      9912 3e78 2975
     17068 3b1c 2976
     16668 38e0 -
     10460 256c -
      7868 320c -
      7964 3a90 -
     16684 1924 -
      9668 9a4 -
     16976 19dc -
     15748 325c -
     17132 23d4 -
     12332 33dc -
      8512 ef4 -
     16520 27e8 -
     10308 2d88 2992
     16580 1790 2992
     17664 e1c -
     11588 3f84 -
      1740 2b28 -
     17212 44ac -
      4552 4428 -
     11188 1944 -
     16864 35d8 -
     14976 42e4 -
     17848 960 -
      2940 143c -
      2448 1fcc -
     14280 8a4 -
     17752 69c -
     13960 29c -
      4724 315c -
     17028 cec -
      5128 3370 -
     13404 3930 -
      5428 644 -
     17396 b5c -
     16464 a88 -
     17836 40a4 -
     16936 4498 -
      6376 1e5c -
      2084 3a84 -
     16000 4560 -
      3632 b90 -
     18188 1eb8 -
      6888 1a28 -
     16772 3db4 -
     13464 2e5c -
      7800 1ddc -
      1056 2bbc -
      8908 33d4 -
     10088 33c8 -
      9472 1068 -
      7468 e7c -
     15640 17e4 -
      7832 41a0 -
      2032 3d6c -
     14172 28d8 -
     10992 44c8 -
     13536 2574 -
      3316 950 -
      4128 1458 -
     15704 44a4 -
     12284 17d4 -
     18208 23b8 -
      8568 1d04 -
     11608 2d0c -
     15768 3568 -
     10200 3a70 -
     10160 3938 -
     14104 3080 -
     13988 324 -
     12084 2d28 -
     12624 2898 -
     11672 21c4 -
      8464 3318 -
      1464 27b8 -
      3112 35c0 -
     11892 374c -
      4644 1f94 -
     12064 2a2c -
     17036 3f48 -
      5552 3f20 -
      6400 25d4 -
     17512 3424 -
     14132 2770 -
     10404 4614 3070
      8960 25d0 3070
     12844 834 3071
Cleaned out 114 stale readers
