Using pre-set license
Built from '2021.3/staging' branch; Version is '2021.3.4f1 (cb45f9cae8b7) revision 13321721'; Using compiler version '192829333'; Build Type 'Release'
OS: 'Windows 10  (10.0.19042) 64bit ProfessionalEducation' Language: 'es' Physical Memory: 4000 MB
BatchMode: 1, IsHumanControllingUs: 0, StartBugReporterOnCrash: 0, Is64bit: 1, IsPro: 1

COMMAND LINE ARGUMENTS:
C:\Program Files\Unity\Hub\Editor\2021.3.4f1\Editor\Unity.exe
-adb2
-batchMode
-noUpm
-name
AssetImportWorker936
-projectPath
D:/usuarios/alumno/documentos/GitHub/design2/MAPEADO
-logFile
Logs/AssetImportWorker936.log
-srvPort
59947
Successfully changed project path to: D:/usuarios/alumno/documentos/GitHub/design2/MAPEADO
D:/usuarios/alumno/documentos/GitHub/design2/MAPEADO
[UnityMemory] Configuration Parameters - Can be set up in boot.config
    "memorysetup-bucket-allocator-granularity=16"
    "memorysetup-bucket-allocator-bucket-count=8"
    "memorysetup-bucket-allocator-block-size=33554432"
    "memorysetup-bucket-allocator-block-count=8"
    "memorysetup-main-allocator-block-size=16777216"
    "memorysetup-thread-allocator-block-size=16777216"
    "memorysetup-gfx-main-allocator-block-size=16777216"
    "memorysetup-gfx-thread-allocator-block-size=16777216"
    "memorysetup-cache-allocator-block-size=4194304"
    "memorysetup-typetree-allocator-block-size=2097152"
    "memorysetup-profiler-bucket-allocator-granularity=16"
    "memorysetup-profiler-bucket-allocator-bucket-count=8"
    "memorysetup-profiler-bucket-allocator-block-size=33554432"
    "memorysetup-profiler-bucket-allocator-block-count=8"
    "memorysetup-profiler-allocator-block-size=16777216"
    "memorysetup-profiler-editor-allocator-block-size=1048576"
    "memorysetup-temp-allocator-size-main=16777216"
    "memorysetup-job-temp-allocator-block-size=2097152"
    "memorysetup-job-temp-allocator-block-size-background=1048576"
    "memorysetup-job-temp-allocator-reduction-small-platforms=262144"
    "memorysetup-temp-allocator-size-background-worker=32768"
    "memorysetup-temp-allocator-size-job-worker=262144"
    "memorysetup-temp-allocator-size-preload-manager=33554432"
    "memorysetup-temp-allocator-size-nav-mesh-worker=65536"
    "memorysetup-temp-allocator-size-audio-worker=65536"
    "memorysetup-temp-allocator-size-cloud-worker=32768"
    "memorysetup-temp-allocator-size-gi-baking-worker=262144"
    "memorysetup-temp-allocator-size-gfx=262144"
received signal from system: SIGSEGV
Crash!!!
SymInit: Symbol-SearchPath: '.;D:\usuarios\alumno\documentos\GitHub\design2\MAPEADO;D:\usuarios\alumno\documentos\GitHub\design2\MAPEADO\Library\BurstCache\JIT;C:\Program Files\Unity\Hub\Editor\2021.3.4f1\Editor;C:\WINDOWS;C:\WINDOWS\system32;SRV*C:\websymbols*http://msdl.microsoft.com/download/symbols;', symOptions: 534, UserName: 'Alumno'
OS-Version: 10.0.0
C:\Program Files\Unity\Hub\Editor\2021.3.4f1\Editor\Unity.exe:Unity.exe (00007FF625130000), size: 73408512 (result: -529697949), SymType: '-deferred-', PDB: '', fileVersion: 2021.3.4.17913
C:\WINDOWS\SYSTEM32\ntdll.dll:ntdll.dll (00007FFEC6490000), size: 2052096 (result: 0), SymType: '-exported-', PDB: 'C:\WINDOWS\SYSTEM32\ntdll.dll', fileVersion: 10.0.19041.1682
C:\WINDOWS\System32\KERNEL32.DLL:KERNEL32.DLL (00007FFEC5D70000), size: 774144 (result: 0), SymType: '-nosymbols-', PDB: 'C:\WINDOWS\System32\KERNEL32.DLL', fileVersion: 10.0.19041.1706
C:\WINDOWS\System32\KERNELBASE.dll:KERNELBASE.dll (00007FFEC4210000), size: 2936832 (result: 0), SymType: '-nosymbols-', PDB: 'C:\WINDOWS\System32\KERNELBASE.dll', fileVersion: 10.0.19041.1706
C:\WINDOWS\System32\CRYPT32.dll:CRYPT32.dll (00007FFEC3C30000), size: 1400832 (result: 0), SymType: '-nosymbols-', PDB: 'C:\WINDOWS\System32\CRYPT32.dll', fileVersion: 10.0.19041.1320
C:\WINDOWS\System32\ucrtbase.dll:ucrtbase.dll (00007FFEC3E80000), size: 1048576 (result: 0), SymType: '-nosymbols-', PDB: 'C:\WINDOWS\System32\ucrtbase.dll', fileVersion: 10.0.19041.789
C:\WINDOWS\System32\USER32.dll:USER32.dll (00007FFEC49F0000), size: 1703936 (result: 0), SymType: '-nosymbols-', PDB: 'C:\WINDOWS\System32\USER32.dll', fileVersion: 10.0.19041.1503
C:\WINDOWS\System32\win32u.dll:win32u.dll (00007FFEC3F80000), size: 139264 (result: 0), SymType: '-nosymbols-', PDB: 'C:\WINDOWS\System32\win32u.dll', fileVersion: 10.0.19041.1706
C:\WINDOWS\System32\GDI32.dll:GDI32.dll (00007FFEC4570000), size: 172032 (result: 0), SymType: '-nosymbols-', PDB: 'C:\WINDOWS\System32\GDI32.dll', fileVersion: 10.0.19041.1620
C:\WINDOWS\System32\gdi32full.dll:gdi32full.dll (00007FFEC4060000), size: 1093632 (result: 0), SymType: '-nosymbols-', PDB: 'C:\WINDOWS\System32\gdi32full.dll', fileVersion: 10.0.19041.1706
C:\WINDOWS\System32\msvcp_win.dll:msvcp_win.dll (00007FFEC4170000), size: 643072 (result: 0), SymType: '-nosymbols-', PDB: 'C:\WINDOWS\System32\msvcp_win.dll', fileVersion: 10.0.19041.789
Obtained 24 stack frames
0x00007ff626170c3d (Unity) 
0x00007ff626177919 (Unity) 
0x00007ff6270e48b3 (Unity) 
0x00007ff626176956 (Unity) 
0x00007ff62617026c (Unity) 
0x00007ff628477962 (Unity) 
0x00007ff62853786c (Unity) 
0x00007ff628444020 (Unity) 
0x00007ffec653209f (ntdll) _chkstk
0x00007ffec64e1454 (ntdll) RtlRaiseException
0x00007ffec6530bce (ntdll) KiUserExceptionDispatcher
0x00007ff6259f9a8a (Unity) 
0x00007ff6259f4983 (Unity) 
0x00007ff6259f37d6 (Unity) 
0x00007ff625a00c04 (Unity) 
0x00007ff6259f3e24 (Unity) 
0x00007ff6259f30dd (Unity) 
0x00007ff625a0449b (Unity) 
0x00007ff6259f9e04 (Unity) 
0x00007ff626c91d0d (Unity) 
0x00007ff6270eeff8 (Unity) 
0x00007ff6284218ee (Unity) 
0x00007ffec5d87034 (KERNEL32) 
0x00007ffec64e2651 (ntdll) RtlUserThreadStart

C:\WINDOWS\System32\ADVAPI32.dll:ADVAPI32.dll (00007FFEC61A0000), size: 712704 (result: 0), SymType: '-nosymbols-', PDB: 'C:\WINDOWS\System32\ADVAPI32.dll', fileVersion: 10.0.19041.1682

========== OUTPUTTING STACK TRACE ==================

SymInit: Symbol-SearchPath: '.;D:\usuarios\alumno\documentos\GitHub\design2\MAPEADO;D:\usuarios\alumno\documentos\GitHub\design2\MAPEADO\Library\BurstCache\JIT;C:\Program Files\Unity\Hub\Editor\2021.3.4f1\Editor;C:\WINDOWS;C:\WINDOWS\system32;SRV*C:\websymbols*http://msdl.microsoft.com/download/symbols;', symOptions: 534, UserName: 'Alumno'
OS-Version: 10.0.0
A crash has been intercepted by the crash handler. For call stack and other details, see the latest crash report generated in:
 * C:/Users/Alumno/AppData/Local/Temp/Unity/Editor/Crashes
