Using pre-set license
Built from '2021.3/staging' branch; Version is '2021.3.4f1 (cb45f9cae8b7) revision 13321721'; Using compiler version '192829333'; Build Type 'Release'
OS: 'Windows 10  (10.0.19042) 64bit ProfessionalEducation' Language: 'es' Physical Memory: 4000 MB
BatchMode: 1, IsHumanControllingUs: 0, StartBugReporterOnCrash: 0, Is64bit: 1, IsPro: 1

COMMAND LINE ARGUMENTS:
C:\Program Files\Unity\Hub\Editor\2021.3.4f1\Editor\Unity.exe
-adb2
-batchMode
-noUpm
-name
AssetImportWorker1082
-projectPath
D:/usuarios/alumno/documentos/GitHub/design2/MAPEADO
-logFile
Logs/AssetImportWorker1082.log
-srvPort
59947
Successfully changed project path to: D:/usuarios/alumno/documentos/GitHub/design2/MAPEADO
D:/usuarios/alumno/documentos/GitHub/design2/MAPEADO
[UnityMemory] Configuration Parameters - Can be set up in boot.config
    "memorysetup-bucket-allocator-granularity=16"
    "memorysetup-bucket-allocator-bucket-count=8"
    "memorysetup-bucket-allocator-block-size=33554432"
    "memorysetup-bucket-allocator-block-count=8"
    "memorysetup-main-allocator-block-size=16777216"
    "memorysetup-thread-allocator-block-size=16777216"
    "memorysetup-gfx-main-allocator-block-size=16777216"
    "memorysetup-gfx-thread-allocator-block-size=16777216"
    "memorysetup-cache-allocator-block-size=4194304"
    "memorysetup-typetree-allocator-block-size=2097152"
    "memorysetup-profiler-bucket-allocator-granularity=16"
    "memorysetup-profiler-bucket-allocator-bucket-count=8"
    "memorysetup-profiler-bucket-allocator-block-size=33554432"
    "memorysetup-profiler-bucket-allocator-block-count=8"
    "memorysetup-profiler-allocator-block-size=16777216"
    "memorysetup-profiler-editor-allocator-block-size=1048576"
    "memorysetup-temp-allocator-size-main=16777216"
    "memorysetup-job-temp-allocator-block-size=2097152"
    "memorysetup-job-temp-allocator-block-size-background=1048576"
    "memorysetup-job-temp-allocator-reduction-small-platforms=262144"
    "memorysetup-temp-allocator-size-background-worker=32768"
    "memorysetup-temp-allocator-size-job-worker=262144"
    "memorysetup-temp-allocator-size-preload-manager=33554432"
    "memorysetup-temp-allocator-size-nav-mesh-worker=65536"
    "memorysetup-temp-allocator-size-audio-worker=65536"
    "memorysetup-temp-allocator-size-cloud-worker=32768"
    "memorysetup-temp-allocator-size-gi-baking-worker=262144"
    "memorysetup-temp-allocator-size-gfx=262144"
mdb reader table full -> cleaning up stale readers. Current readers:
    pid     thread     txnid
      8136 2f98 -
      8136 1f30 -
      8136 1c6c -
      8136 bf0 -
     28232 51f0 -
     27768 6b38 -
     13344 5288 -
     27820 47d0 -
     29100 71b0 -
     26724 6f30 -
      4856 4d88 -
     20660 57bc -
     28760 732c -
     29620 73b8 -
     28700 5520 -
     29420 72cc -
     22436 6b84 -
      5512 5e3c -
     26820 68a8 -
     29012 714c -
     28528 15b0 -
     27068 7044 -
     25760 4ff8 -
      5464 50f0 -
     29684 6e20 -
     14216 64a8 -
     13128 6aa4 -
     23344 6ab8 -
     29096 6274 -
     25780 5c60 -
      5288 14ac -
     28616 4d08 -
      6940 7370 -
     26104 15d4 -
     23752 70dc -
     20120 6e70 -
     27596 47f8 -
     28908 7120 -
     23276 3b94 -
     23064 31a8 -
     28332 58ec -
     29048 548c -
     25552 6fa8 -
     26100 66b8 -
     27848 6d64 -
     10060 6e78 -
     28212 6b3c -
     30312 766c -
     30328 767c -
     30396 76c0 -
     30412 76d0 -
     30296 765c -
     30352 7694 -
     19900 6d90 -
     26648 6dcc -
     30136 21e4 -
     27348 159c -
     25464 169c -
     20364 66e4 -
     27992 52c0 -
     12948 1a4c -
     29664 60d4 -
     21216 71a4 -
     13680 55e8 -
     29776 7454 -
     17756 7440 -
     30188 75f0 -
     27692 7170 -
     24176 6af0 -
     17348 6620 -
     25604 6f90 -
     30272 7460 -
     29428 1594 -
     21796 6fe4 -
     30284 68bc -
      5520 7320 -
     29932 7500 -
     30608 7798 -
     29956 7518 -
     30628 77a8 -
     24164 1534 -
     24752 4e8c -
     28020 3474 -
     29996 773c -
     28016 6d50 -
     27168 6c20 -
     28380 6684 -
     27744 5d4c -
     27644 34f8 -
     21912 6eb4 -
     28592 6bd4 -
     27752 7498 -
     25932 7134 -
     26288 64f4 -
     29212 7590 -
     29080 73c0 -
     28628 2e84 -
     27140 7318 -
     20416 136c -
      5280 46e0 -
     20580 55b8 -
     23624 2e5c -
     29336 729c -
     29248 7244 -
     29296 7274 -
     29320 728c -
     27180 6380 -
     18696 4fe0 -
     31236 7a08 2536
     31276 7a30 2539
     31204 79e8 2539
     29216 7224 -
     31348 7a78 2539
     31332 7a68 2540
     29232 7234 -
     25456 6290 -
      6256 1874 -
      4544 1118 -
     28208 6cc0 -
      5424 2aa8 -
     28572 13e4 -
     22480 66d8 -
      8060 6f7c -
     18484 5048 -
     25608 2970 -
     22312 6a0c -
Cleaned out 96 stale readers
Refreshing native plugins compatible for Editor in 6802.88 ms, found 3 plugins.
Preloading 0 native plugins for Editor in 0.00 ms.
Initialize engine version: 2021.3.4f1 (cb45f9cae8b7)
[Subsystems] Discovering subsystems at path C:/Program Files/Unity/Hub/Editor/2021.3.4f1/Editor/Data/Resources/UnitySubsystems
[Subsystems] Discovering subsystems at path D:/usuarios/alumno/documentos/GitHub/design2/MAPEADO/Assets
GfxDevice: creating device client; threaded=0; jobified=0
Direct3D:
    Version:  Direct3D 11.0 [level 11.1]
    Renderer: Intel(R) HD Graphics (ID=0x22b1)
    Vendor:   Intel
    VRAM:     2000 MB
    Driver:   20.19.15.5166
