Using pre-set license
Built from '2021.3/staging' branch; Version is '2021.3.4f1 (cb45f9cae8b7) revision 13321721'; Using compiler version '192829333'; Build Type 'Release'
OS: 'Windows 11  (10.0.22621) 64bit CoreSingleLanguage' Language: 'es' Physical Memory: 7514 MB
BatchMode: 1, IsHumanControllingUs: 0, StartBugReporterOnCrash: 0, Is64bit: 1, IsPro: 1

COMMAND LINE ARGUMENTS:
C:\Program Files\Unity\Hub\Editor\2021.3.4f1\Editor\Unity.exe
-adb2
-batchMode
-noUpm
-name
AssetImportWorker2
-projectPath
C:/Users/macie/Documents/GitHub/design2/MAPEADO
-logFile
Logs/AssetImportWorker2.log
-srvPort
<<<<<<< Updated upstream
54455
Successfully changed project path to: C:/Users/kalex/prj/design2/MAPEADO
C:/Users/kalex/prj/design2/MAPEADO
=======
52765
Successfully changed project path to: C:/Users/macie/Documents/GitHub/design2/MAPEADO
C:/Users/macie/Documents/GitHub/design2/MAPEADO
>>>>>>> Stashed changes
[UnityMemory] Configuration Parameters - Can be set up in boot.config
    "memorysetup-bucket-allocator-granularity=16"
    "memorysetup-bucket-allocator-bucket-count=8"
    "memorysetup-bucket-allocator-block-size=33554432"
    "memorysetup-bucket-allocator-block-count=8"
    "memorysetup-main-allocator-block-size=16777216"
    "memorysetup-thread-allocator-block-size=16777216"
    "memorysetup-gfx-main-allocator-block-size=16777216"
    "memorysetup-gfx-thread-allocator-block-size=16777216"
    "memorysetup-cache-allocator-block-size=4194304"
    "memorysetup-typetree-allocator-block-size=2097152"
    "memorysetup-profiler-bucket-allocator-granularity=16"
    "memorysetup-profiler-bucket-allocator-bucket-count=8"
    "memorysetup-profiler-bucket-allocator-block-size=33554432"
    "memorysetup-profiler-bucket-allocator-block-count=8"
    "memorysetup-profiler-allocator-block-size=16777216"
    "memorysetup-profiler-editor-allocator-block-size=1048576"
    "memorysetup-temp-allocator-size-main=16777216"
    "memorysetup-job-temp-allocator-block-size=2097152"
    "memorysetup-job-temp-allocator-block-size-background=1048576"
    "memorysetup-job-temp-allocator-reduction-small-platforms=262144"
    "memorysetup-temp-allocator-size-background-worker=32768"
    "memorysetup-temp-allocator-size-job-worker=262144"
    "memorysetup-temp-allocator-size-preload-manager=33554432"
    "memorysetup-temp-allocator-size-nav-mesh-worker=65536"
    "memorysetup-temp-allocator-size-audio-worker=65536"
    "memorysetup-temp-allocator-size-cloud-worker=32768"
    "memorysetup-temp-allocator-size-gi-baking-worker=262144"
    "memorysetup-temp-allocator-size-gfx=262144"
<<<<<<< Updated upstream
Refreshing native plugins compatible for Editor in 252.97 ms, found 8 plugins.
Preloading 1 native plugins for Editor in 0.40 ms.
=======
Refreshing native plugins compatible for Editor in 204.50 ms, found 8 plugins.
Preloading 1 native plugins for Editor in 0.67 ms.
>>>>>>> Stashed changes
Initialize engine version: 2021.3.4f1 (cb45f9cae8b7)
[Subsystems] Discovering subsystems at path C:/Program Files/Unity/Hub/Editor/2021.3.4f1/Editor/Data/Resources/UnitySubsystems
[Subsystems] Discovering subsystems at path C:/Users/macie/Documents/GitHub/design2/MAPEADO/Assets
GfxDevice: creating device client; threaded=0; jobified=0
Direct3D:
    Version:  Direct3D 11.0 [level 11.1]
    Renderer: AMD Radeon(TM) Graphics (ID=0x164c)
    Vendor:   ATI
    VRAM:     3757 MB
    Driver:   30.0.13040.13
Initialize mono
Mono path[0] = 'C:/Program Files/Unity/Hub/Editor/2021.3.4f1/Editor/Data/Managed'
Mono path[1] = 'C:/Program Files/Unity/Hub/Editor/2021.3.4f1/Editor/Data/MonoBleedingEdge/lib/mono/unityjit-win32'
Mono config path = 'C:/Program Files/Unity/Hub/Editor/2021.3.4f1/Editor/Data/MonoBleedingEdge/etc'
<<<<<<< Updated upstream
Using monoOptions --debugger-agent=transport=dt_socket,embedding=1,server=y,suspend=n,address=127.0.0.1:56972
Begin MonoManager ReloadAssembly
Registering precompiled unity dll's ...
Register platform support module: C:/Program Files/Unity/Hub/Editor/2021.3.4f1/Editor/Data/PlaybackEngines/WindowsStandaloneSupport/UnityEditor.WindowsStandalone.Extensions.dll
Register platform support module: C:/Program Files/Unity/Hub/Editor/2021.3.4f1/Editor/Data/PlaybackEngines/MetroSupport/UnityEditor.UWP.Extensions.dll
Registered in 0.010039 seconds.
Native extension for UWP target not found
Native extension for WindowsStandalone target not found
Refreshing native plugins compatible for Editor in 139.63 ms, found 8 plugins.
Preloading 1 native plugins for Editor in 0.10 ms.
Mono: successfully reloaded assembly
- Completed reload, in  0.800 seconds
Domain Reload Profiling:
	ReloadAssembly (801ms)
		BeginReloadAssembly (87ms)
=======
Using monoOptions --debugger-agent=transport=dt_socket,embedding=1,server=y,suspend=n,address=127.0.0.1:56164
Begin MonoManager ReloadAssembly
Registering precompiled unity dll's ...
Register platform support module: C:/Program Files/Unity/Hub/Editor/2021.3.4f1/Editor/Data/PlaybackEngines/WindowsStandaloneSupport/UnityEditor.WindowsStandalone.Extensions.dll
Registered in 0.009109 seconds.
Native extension for WindowsStandalone target not found
Refreshing native plugins compatible for Editor in 244.98 ms, found 8 plugins.
Preloading 1 native plugins for Editor in 0.12 ms.
Mono: successfully reloaded assembly
- Completed reload, in  1.173 seconds
Domain Reload Profiling:
	ReloadAssembly (1173ms)
		BeginReloadAssembly (174ms)
>>>>>>> Stashed changes
			ExecutionOrderSort (0ms)
			DisableScriptedObjects (0ms)
			BackupInstance (0ms)
			ReleaseScriptingObjects (0ms)
			CreateAndSetChildDomain (1ms)
<<<<<<< Updated upstream
		EndReloadAssembly (588ms)
			LoadAssemblies (87ms)
			RebuildTransferFunctionScriptingTraits (0ms)
			SetupTypeCache (121ms)
			ReleaseScriptCaches (0ms)
			RebuildScriptCaches (32ms)
			SetupLoadedEditorAssemblies (369ms)
				LogAssemblyErrors (0ms)
				InitializePlatformSupportModulesInManaged (10ms)
				SetLoadedEditorAssemblies (0ms)
				RefreshPlugins (140ms)
				BeforeProcessingInitializeOnLoad (1ms)
				ProcessInitializeOnLoadAttributes (135ms)
				ProcessInitializeOnLoadMethodAttributes (83ms)
=======
		EndReloadAssembly (848ms)
			LoadAssemblies (170ms)
			RebuildTransferFunctionScriptingTraits (0ms)
			SetupTypeCache (157ms)
			ReleaseScriptCaches (0ms)
			RebuildScriptCaches (52ms)
			SetupLoadedEditorAssemblies (555ms)
				LogAssemblyErrors (0ms)
				InitializePlatformSupportModulesInManaged (13ms)
				SetLoadedEditorAssemblies (0ms)
				RefreshPlugins (245ms)
				BeforeProcessingInitializeOnLoad (2ms)
				ProcessInitializeOnLoadAttributes (222ms)
				ProcessInitializeOnLoadMethodAttributes (71ms)
>>>>>>> Stashed changes
				AfterProcessingInitializeOnLoad (0ms)
				EditorAssembliesLoaded (0ms)
			ExecutionOrderSort2 (0ms)
			AwakeInstancesAfterBackupRestoration (0ms)
Platform modules already initialized, skipping
Registering precompiled user dll's ...
<<<<<<< Updated upstream
Registered in 0.020390 seconds.
Begin MonoManager ReloadAssembly
Symbol file data-000001DBF2DC93E0 doesn't match image C:\Users\kalex\prj\design2\MAPEADO\Library\ScriptAssemblies\Assembly-CSharp.dll
Symbol file LoadedFromMemory is not a mono symbol file
Symbol file data-000001DBF13B15E0 doesn't match image C:\Users\kalex\prj\design2\MAPEADO\Library\ScriptAssemblies\Assembly-CSharp-Editor.dll
Symbol file LoadedFromMemory is not a mono symbol file
Symbol file LoadedFromMemory doesn't match image C:\Users\kalex\prj\design2\MAPEADO\Library\PackageCache\com.unity.visualscripting@1.7.8\Editor\VisualScripting.Core\Dependencies\DotNetZip\Unity.VisualScripting.IonicZip.dll
Symbol file LoadedFromMemory doesn't match image C:\Users\kalex\prj\design2\MAPEADO\Library\PackageCache\com.unity.visualscripting@1.7.8\Editor\VisualScripting.Core\Dependencies\YamlDotNet\Unity.VisualScripting.YamlDotNet.dll
Native extension for UWP target not found
Native extension for WindowsStandalone target not found
Refreshing native plugins compatible for Editor in 135.58 ms, found 8 plugins.
Preloading 1 native plugins for Editor in 0.07 ms.
Mono: successfully reloaded assembly
- Completed reload, in  1.591 seconds
Domain Reload Profiling:
	ReloadAssembly (1592ms)
		BeginReloadAssembly (128ms)
=======
Registered in 0.057753 seconds.
Begin MonoManager ReloadAssembly
Symbol file LoadedFromMemory doesn't match image C:\Users\macie\Documents\GitHub\design2\MAPEADO\Library\PackageCache\com.unity.visualscripting@1.7.8\Editor\VisualScripting.Core\Dependencies\DotNetZip\Unity.VisualScripting.IonicZip.dll
Symbol file LoadedFromMemory doesn't match image C:\Users\macie\Documents\GitHub\design2\MAPEADO\Library\PackageCache\com.unity.visualscripting@1.7.8\Editor\VisualScripting.Core\Dependencies\YamlDotNet\Unity.VisualScripting.YamlDotNet.dll
Native extension for WindowsStandalone target not found
Refreshing native plugins compatible for Editor in 135.01 ms, found 8 plugins.
Preloading 1 native plugins for Editor in 0.07 ms.
Mono: successfully reloaded assembly
- Completed reload, in  1.776 seconds
Domain Reload Profiling:
	ReloadAssembly (1777ms)
		BeginReloadAssembly (174ms)
>>>>>>> Stashed changes
			ExecutionOrderSort (0ms)
			DisableScriptedObjects (7ms)
			BackupInstance (0ms)
			ReleaseScriptingObjects (0ms)
<<<<<<< Updated upstream
			CreateAndSetChildDomain (24ms)
		EndReloadAssembly (1336ms)
			LoadAssemblies (114ms)
			RebuildTransferFunctionScriptingTraits (0ms)
			SetupTypeCache (351ms)
			ReleaseScriptCaches (1ms)
			RebuildScriptCaches (91ms)
			SetupLoadedEditorAssemblies (730ms)
				LogAssemblyErrors (0ms)
				InitializePlatformSupportModulesInManaged (7ms)
				SetLoadedEditorAssemblies (0ms)
				RefreshPlugins (136ms)
				BeforeProcessingInitializeOnLoad (146ms)
				ProcessInitializeOnLoadAttributes (323ms)
				ProcessInitializeOnLoadMethodAttributes (107ms)
				AfterProcessingInitializeOnLoad (11ms)
=======
			CreateAndSetChildDomain (23ms)
		EndReloadAssembly (1467ms)
			LoadAssemblies (264ms)
			RebuildTransferFunctionScriptingTraits (0ms)
			SetupTypeCache (341ms)
			ReleaseScriptCaches (1ms)
			RebuildScriptCaches (71ms)
			SetupLoadedEditorAssemblies (798ms)
				LogAssemblyErrors (0ms)
				InitializePlatformSupportModulesInManaged (5ms)
				SetLoadedEditorAssemblies (0ms)
				RefreshPlugins (135ms)
				BeforeProcessingInitializeOnLoad (134ms)
				ProcessInitializeOnLoadAttributes (400ms)
				ProcessInitializeOnLoadMethodAttributes (116ms)
				AfterProcessingInitializeOnLoad (8ms)
>>>>>>> Stashed changes
				EditorAssembliesLoaded (0ms)
			ExecutionOrderSort2 (0ms)
			AwakeInstancesAfterBackupRestoration (6ms)
Platform modules already initialized, skipping
========================================================================
Worker process is ready to serve import requests
<<<<<<< Updated upstream
Launched and connected shader compiler UnityShaderCompiler.exe after 0.05 seconds
Refreshing native plugins compatible for Editor in 1.69 ms, found 8 plugins.
Preloading 1 native plugins for Editor in 0.07 ms.
Unloading 5419 Unused Serialized files (Serialized files now loaded: 0)
Unloading 85 unused Assets / (2.0 MB). Loaded Objects now: 5878.
Memory consumption went from 231.4 MB to 229.5 MB.
Total: 6.204700 ms (FindLiveObjects: 0.581500 ms CreateObjectMapping: 0.856000 ms MarkObjects: 4.156600 ms  DeleteObjects: 0.609100 ms)
=======
Launched and connected shader compiler UnityShaderCompiler.exe after 0.08 seconds
Refreshing native plugins compatible for Editor in 2.00 ms, found 8 plugins.
Preloading 1 native plugins for Editor in 0.22 ms.
Unloading 5419 Unused Serialized files (Serialized files now loaded: 0)
Unloading 85 unused Assets / (2.0 MB). Loaded Objects now: 5878.
Memory consumption went from 231.5 MB to 229.5 MB.
Total: 6.430200 ms (FindLiveObjects: 1.388000 ms CreateObjectMapping: 0.535800 ms MarkObjects: 3.802100 ms  DeleteObjects: 0.701600 ms)
>>>>>>> Stashed changes

AssetImportParameters requested are different than current active one (requested -> active):
  custom:video-decoder-ogg-theora: a1e56fd34408186e4bbccfd4996cb3dc -> 
  custom:container-muxer-webm: aa71ff27fc2769a1b78a27578f13a17b -> 
  custom:container-demuxer-webm: 4f35f7cbe854078d1ac9338744f61a02 -> 
  custom:video-encoder-webm-vp8: eb34c28f22e8b96e1ab97ce403110664 -> 
  custom:video-codec-MediaFoundation-h265: 746d11721c4dcdbdad8f713fa42b33f4 -> 
  custom:audio-encoder-webm-vorbis: bf7c407c2cedff20999df2af8eb42d56 -> 
  custom:framework-win-MediaFoundation: 216162199b28c13a410421893ffa2e32 -> 
  custom:container-demuxer-ogg: 62fdf1f143b41e24485cea50d1cbac27 -> 
  custom:video-decoder-webm-vp8: 9c59270c3fd7afecdb556c50c9e8de78 -> 
  custom:audio-decoder-ogg-vorbis: bf7c407c2cedff20999df2af8eb42d56 -> 
<<<<<<< Updated upstream
Editor requested this worker to shutdown with reason: Scaling down because of idle timeout
AssetImportWorker is now disconnected from the server
Process exiting
Exiting without the bug reporter. Application will terminate with return code 0
=======
========================================================================
Received Import Request.
  Time since last request: 205673.965614 seconds.
  path: Assets/Sfx/walk_game.wav
  artifactKey: Guid(e14f952f0d3e6224fbec56f0a24064fc) Importer(815301076,1909f56bfc062723c751e8b465ee728b)
Start importing Assets/Sfx/walk_game.wav using Guid(e14f952f0d3e6224fbec56f0a24064fc) Importer(815301076,1909f56bfc062723c751e8b465ee728b)  -> (artifact id: '1e652ae3539309fc21037401cf4d0373') in 0.143720 seconds 
========================================================================
Received Import Request.
  Time since last request: 3.004863 seconds.
  path: Assets/Sfx/walk_game2.wav
  artifactKey: Guid(797c1d7176e860647aae4785a58ce8c8) Importer(815301076,1909f56bfc062723c751e8b465ee728b)
Start importing Assets/Sfx/walk_game2.wav using Guid(797c1d7176e860647aae4785a58ce8c8) Importer(815301076,1909f56bfc062723c751e8b465ee728b)  -> (artifact id: '4cb56b7670c0e030b5d1acf80b24e10c') in 0.016032 seconds 
========================================================================
Received Import Request.
  Time since last request: 3.659766 seconds.
  path: Assets/Sfx/zombie-growl-3-6863.mp3
  artifactKey: Guid(48ff632fd5ef8d2449b9a36bfbbc98ea) Importer(815301076,1909f56bfc062723c751e8b465ee728b)
Start importing Assets/Sfx/zombie-growl-3-6863.mp3 using Guid(48ff632fd5ef8d2449b9a36bfbbc98ea) Importer(815301076,1909f56bfc062723c751e8b465ee728b)  -> (artifact id: '4ce3251237f187ed885c7d5475ff460f') in 0.021794 seconds 
========================================================================
Received Import Request.
  Time since last request: 17.183014 seconds.
  path: Assets/Music/Of_Mice___Men_-_Another_You_(Official_Video).mp3
  artifactKey: Guid(f6f983c48af9ffa46a2be442f2198978) Importer(815301076,1909f56bfc062723c751e8b465ee728b)
Start importing Assets/Music/Of_Mice___Men_-_Another_You_(Official_Video).mp3 using Guid(f6f983c48af9ffa46a2be442f2198978) Importer(815301076,1909f56bfc062723c751e8b465ee728b)  -> (artifact id: '0c2f4697f627160dc81b8b7aab5559e0') in 0.019662 seconds 
========================================================================
Received Import Request.
  Time since last request: 0.448854 seconds.
  path: Assets/Music/test 120.wav
  artifactKey: Guid(0724e8547988b31488c6fa8311377d44) Importer(815301076,1909f56bfc062723c751e8b465ee728b)
Start importing Assets/Music/test 120.wav using Guid(0724e8547988b31488c6fa8311377d44) Importer(815301076,1909f56bfc062723c751e8b465ee728b)  -> (artifact id: 'fd4739a897e9cf1a9179559d640b4594') in 0.016776 seconds 
========================================================================
Received Import Request.
  Time since last request: 8.079596 seconds.
  path: Assets/Nicrom
  artifactKey: Guid(c399b1c8c46425a43a26f3fe9991b4e0) Importer(815301076,1909f56bfc062723c751e8b465ee728b)
Start importing Assets/Nicrom using Guid(c399b1c8c46425a43a26f3fe9991b4e0) Importer(815301076,1909f56bfc062723c751e8b465ee728b)  -> (artifact id: '5bea8f52b85a8ecb2793339b53799479') in 0.007678 seconds 
========================================================================
Received Import Request.
  Time since last request: 22.258997 seconds.
  path: Assets/Music/tono_shepard.wav
  artifactKey: Guid(e19ab47203871cd4797f4ce044f2d250) Importer(815301076,1909f56bfc062723c751e8b465ee728b)
Start importing Assets/Music/tono_shepard.wav using Guid(e19ab47203871cd4797f4ce044f2d250) Importer(815301076,1909f56bfc062723c751e8b465ee728b)  -> (artifact id: '432fbc46a915168b4c8745698f115705') in 0.020034 seconds 
========================================================================
Received Import Request.
  Time since last request: 27.294625 seconds.
  path: Assets/Plugins
  artifactKey: Guid(655411ff0fa2813488aedb684ea662dc) Importer(815301076,1909f56bfc062723c751e8b465ee728b)
Start importing Assets/Plugins using Guid(655411ff0fa2813488aedb684ea662dc) Importer(815301076,1909f56bfc062723c751e8b465ee728b)  -> (artifact id: '40020c6209f85eff0063055255ec767b') in 0.008521 seconds 
========================================================================
Received Import Request.
  Time since last request: 44.041582 seconds.
  path: Assets/Sfx/breathing_corpse.wav
  artifactKey: Guid(ed80acfb26b5d6e499faab7fd9627ec9) Importer(815301076,1909f56bfc062723c751e8b465ee728b)
Start importing Assets/Sfx/breathing_corpse.wav using Guid(ed80acfb26b5d6e499faab7fd9627ec9) Importer(815301076,1909f56bfc062723c751e8b465ee728b)  -> (artifact id: '38e733e50fad70ded9b04506fd9949d2') in 0.029286 seconds 
>>>>>>> Stashed changes
