Using pre-set license
Built from '2021.3/staging' branch; Version is '2021.3.4f1 (cb45f9cae8b7) revision 13321721'; Using compiler version '192829333'; Build Type 'Release'
OS: 'Windows 10  (10.0.19042) 64bit ProfessionalEducation' Language: 'es' Physical Memory: 4000 MB
BatchMode: 1, IsHumanControllingUs: 0, StartBugReporterOnCrash: 0, Is64bit: 1, IsPro: 1

COMMAND LINE ARGUMENTS:
C:\Program Files\Unity\Hub\Editor\2021.3.4f1\Editor\Unity.exe
-adb2
-batchMode
-noUpm
-name
AssetImportWorker447
-projectPath
D:/usuarios/alumno/documentos/GitHub/design2/MAPEADO
-logFile
Logs/AssetImportWorker447.log
-srvPort
59947
Successfully changed project path to: D:/usuarios/alumno/documentos/GitHub/design2/MAPEADO
D:/usuarios/alumno/documentos/GitHub/design2/MAPEADO
[UnityMemory] Configuration Parameters - Can be set up in boot.config
    "memorysetup-bucket-allocator-granularity=16"
    "memorysetup-bucket-allocator-bucket-count=8"
    "memorysetup-bucket-allocator-block-size=33554432"
    "memorysetup-bucket-allocator-block-count=8"
    "memorysetup-main-allocator-block-size=16777216"
    "memorysetup-thread-allocator-block-size=16777216"
    "memorysetup-gfx-main-allocator-block-size=16777216"
    "memorysetup-gfx-thread-allocator-block-size=16777216"
    "memorysetup-cache-allocator-block-size=4194304"
    "memorysetup-typetree-allocator-block-size=2097152"
    "memorysetup-profiler-bucket-allocator-granularity=16"
    "memorysetup-profiler-bucket-allocator-bucket-count=8"
    "memorysetup-profiler-bucket-allocator-block-size=33554432"
    "memorysetup-profiler-bucket-allocator-block-count=8"
    "memorysetup-profiler-allocator-block-size=16777216"
    "memorysetup-profiler-editor-allocator-block-size=1048576"
    "memorysetup-temp-allocator-size-main=16777216"
    "memorysetup-job-temp-allocator-block-size=2097152"
    "memorysetup-job-temp-allocator-block-size-background=1048576"
    "memorysetup-job-temp-allocator-reduction-small-platforms=262144"
    "memorysetup-temp-allocator-size-background-worker=32768"
    "memorysetup-temp-allocator-size-job-worker=262144"
    "memorysetup-temp-allocator-size-preload-manager=33554432"
    "memorysetup-temp-allocator-size-nav-mesh-worker=65536"
    "memorysetup-temp-allocator-size-audio-worker=65536"
    "memorysetup-temp-allocator-size-cloud-worker=32768"
    "memorysetup-temp-allocator-size-gi-baking-worker=262144"
    "memorysetup-temp-allocator-size-gfx=262144"
mdb reader table full -> cleaning up stale readers. Current readers:
    pid     thread     txnid
      8136 2f98 -
      8136 1f30 -
      8136 1c6c -
      8136 bf0 -
     19336 4b8c -
     19272 4b4c -
     19200 4b04 -
      9288 cf4 -
       432 3710 -
     13424 4644 -
     11996 319c -
       340 4104 -
     17056 409c -
     18000 3e44 -
     15544 28fc -
     14640 d10 -
     17060 42f4 -
     18428 38a0 -
     15196 b80 -
     16480 4314 -
     14396 39ec -
     17732 20f0 -
     18592 48a4 -
     18764 4950 -
     18552 48ec -
     19192 4afc -
     16720 4a68 -
     14224 2ed0 -
      3264 3a14 -
     12720 439c -
     15340 3c80 -
      6548 32a4 -
     18320 4674 -
      3324 2d34 -
     12640 3d4c -
     19004 4a30 -
     12108 4748 -
      9720 4ac4 -
     12156 32b0 -
     16344 3f40 -
     16636 43cc -
     11992 1e44 -
     17468 4110 -
     13152 b7c -
      5072 3840 -
     20220 4f00 -
     20204 4ef0 -
     20288 4f44 -
     20256 4f24 -
     20304 4f54 1866
     20272 4f34 1866
     15616 4e58 -
      8364 3998 -
     17488 4190 -
     17104 4aa4 -
     20044 2d60 -
     18536 3d1c -
     11880 4ab0 -
     19124 1120 -
     18372 2324 -
     18808 23fc -
     13704 31f4 -
     18016 2c80 -
     19800 3c78 -
     12228 4688 -
     13264 cc8 -
     17424 1058 -
     17284 4374 -
     13332 3f5c -
     13984 4de0 -
     15448 488c -
     19776 4d44 -
     13304 3564 -
     17208 3cbc -
     17292 39ac -
     18584 322c -
      7896 2a00 -
     15372 156c -
     12924 46b8 -
     18480 44dc -
     15744 3f08 -
      7636 28cc -
     16836 4dcc -
     20932 51c8 -
     20840 516c -
      6792 2aac -
     20912 51b4 -
     20896 51a4 -
     20864 5184 -
     17032 3eb4 -
     15320 3fe4 -
     17484 403c -
     20880 5194 -
     16364 405c -
     16996 ce0 -
     18520 3cec -
     17300 4e80 -
     20084 4b14 -
     18288 4b24 -
     16756 4854 -
     18648 1f00 -
      3076 35b4 -
     12036 2f08 -
     18368 463c -
     16488 4640 -
     15364 4a90 1918
     10932 1a9c 1918
     20796 5140 1920
     20144 4734 -
      5496 2b20 -
     14388 a1c -
     15928 4460 -
     10728 4458 -
     17924 46d4 -
     13672 28b8 -
     17852 5d0 -
      9284 3838 -
      1412 451c -
     15512 1ae8 -
     10576 4114 -
     15036 41b8 -
     18360 4278 -
     11956 3fc4 -
     19168 4ae4 -
     19252 4b38 -
     19300 4b68 -
Cleaned out 97 stale readers
Refreshing native plugins compatible for Editor in 3426.76 ms, found 3 plugins.
Preloading 0 native plugins for Editor in 0.00 ms.
Initialize engine version: 2021.3.4f1 (cb45f9cae8b7)
[Subsystems] Discovering subsystems at path C:/Program Files/Unity/Hub/Editor/2021.3.4f1/Editor/Data/Resources/UnitySubsystems
[Subsystems] Discovering subsystems at path D:/usuarios/alumno/documentos/GitHub/design2/MAPEADO/Assets
GfxDevice: creating device client; threaded=0; jobified=0
Direct3D:
    Version:  Direct3D 11.0 [level 11.1]
    Renderer: Intel(R) HD Graphics (ID=0x22b1)
    Vendor:   Intel
    VRAM:     2000 MB
    Driver:   20.19.15.5166
Initialize mono
Mono path[0] = 'C:/Program Files/Unity/Hub/Editor/2021.3.4f1/Editor/Data/Managed'
Mono path[1] = 'C:/Program Files/Unity/Hub/Editor/2021.3.4f1/Editor/Data/MonoBleedingEdge/lib/mono/unityjit-win32'
Mono config path = 'C:/Program Files/Unity/Hub/Editor/2021.3.4f1/Editor/Data/MonoBleedingEdge/etc'
Using monoOptions --debugger-agent=transport=dt_socket,embedding=1,server=y,suspend=n,address=127.0.0.1:56928
Begin MonoManager ReloadAssembly
