Using pre-set license
Built from '2021.3/staging' branch; Version is '2021.3.4f1 (cb45f9cae8b7) revision 13321721'; Using compiler version '192829333'; Build Type 'Release'
OS: 'Windows 10  (10.0.19042) 64bit ProfessionalEducation' Language: 'es' Physical Memory: 4000 MB
BatchMode: 1, IsHumanControllingUs: 0, StartBugReporterOnCrash: 0, Is64bit: 1, IsPro: 1

COMMAND LINE ARGUMENTS:
C:\Program Files\Unity\Hub\Editor\2021.3.4f1\Editor\Unity.exe
-adb2
-batchMode
-noUpm
-name
AssetImportWorker341
-projectPath
D:/usuarios/alumno/documentos/GitHub/design2/MAPEADO
-logFile
Logs/AssetImportWorker341.log
-srvPort
59947
Successfully changed project path to: D:/usuarios/alumno/documentos/GitHub/design2/MAPEADO
D:/usuarios/alumno/documentos/GitHub/design2/MAPEADO
[UnityMemory] Configuration Parameters - Can be set up in boot.config
    "memorysetup-bucket-allocator-granularity=16"
    "memorysetup-bucket-allocator-bucket-count=8"
    "memorysetup-bucket-allocator-block-size=33554432"
    "memorysetup-bucket-allocator-block-count=8"
    "memorysetup-main-allocator-block-size=16777216"
    "memorysetup-thread-allocator-block-size=16777216"
    "memorysetup-gfx-main-allocator-block-size=16777216"
    "memorysetup-gfx-thread-allocator-block-size=16777216"
    "memorysetup-cache-allocator-block-size=4194304"
    "memorysetup-typetree-allocator-block-size=2097152"
    "memorysetup-profiler-bucket-allocator-granularity=16"
    "memorysetup-profiler-bucket-allocator-bucket-count=8"
    "memorysetup-profiler-bucket-allocator-block-size=33554432"
    "memorysetup-profiler-bucket-allocator-block-count=8"
    "memorysetup-profiler-allocator-block-size=16777216"
    "memorysetup-profiler-editor-allocator-block-size=1048576"
    "memorysetup-temp-allocator-size-main=16777216"
    "memorysetup-job-temp-allocator-block-size=2097152"
    "memorysetup-job-temp-allocator-block-size-background=1048576"
    "memorysetup-job-temp-allocator-reduction-small-platforms=262144"
    "memorysetup-temp-allocator-size-background-worker=32768"
    "memorysetup-temp-allocator-size-job-worker=262144"
    "memorysetup-temp-allocator-size-preload-manager=33554432"
    "memorysetup-temp-allocator-size-nav-mesh-worker=65536"
    "memorysetup-temp-allocator-size-audio-worker=65536"
    "memorysetup-temp-allocator-size-cloud-worker=32768"
    "memorysetup-temp-allocator-size-gi-baking-worker=262144"
    "memorysetup-temp-allocator-size-gfx=262144"
mdb reader table full -> cleaning up stale readers. Current readers:
    pid     thread     txnid
      8136 2f98 -
      8136 1f30 -
      8136 1c6c -
      8136 bf0 -
     16716 4134 -
     15184 2fd8 -
      2028 3278 -
     16048 390c -
     15236 43e8 -
     16416 402c -
     16468 aac -
     14888 2250 -
     16404 348c -
     13408 33a0 -
     14648 3ea4 -
      9532 3fd4 -
     11624 32c0 -
     16708 238 -
      9920 3144 -
     16056 3804 -
     11708 3ea0 -
     13100 43c8 -
     13192 3078 -
     15208 337c -
     10984 40bc -
      5200 3be0 -
     15936 4330 -
     17256 74 -
     16044 3920 -
     12304 3c40 -
     15772 43e0 -
     14276 3a34 -
      5180 32ac -
     12376 35e0 -
      9040 3ed4 -
      6332 3894 -
     15700 38d8 -
      8144 3ffc -
     15496 3454 -
      6008 2cec -
     17740 4550 -
     17772 4570 -
     17788 4580 -
     17812 4598 -
     17932 4610 -
     17900 45f0 -
     17564 4488 -
      2760 2150 -
     12984 37ac -
     16516 33d8 -
     15048 3180 -
     15080 6a0 -
     14536 e48 -
     17364 34ec -
     13988 40c4 -
     16620 1134 -
      5660 1c50 -
     15908 448c -
     15120 1a14 -
      6508 3ec0 -
     15712 44d4 -
      8020 3354 -
     16832 700 -
     15748 7f8 -
     17332 3bcc -
     12628 2c38 -
     13464 2f18 -
      5220 238c -
     12424 41b4 -
     11660 1410 -
     16860 2370 -
     17660 4540 -
     17252 4348 -
      1108 2d9c -
     17164 42d4 -
     14620 b28 -
     15732 3fe0 -
     15372 156c -
     17864 471c -
      7336 26a4 -
     15744 3f08 -
     17516 46c4 -
     14476 3548 -
     14656 3288 -
      2564 384c -
      6792 2aac -
     15368 2c74 -
     12604 407c -
     15176 46c0 -
     17032 3eb4 -
     15320 3fe4 -
     17484 403c -
     15280 447c -
     11632 311c -
      1748 1b08 -
      2088 392c -
     13188 2158 -
     15696 64 -
     14292 3758 -
     12740 434 -
     17144 42cc -
     17020 4298 -
     17372 4318 -
     13056 34b4 -
     11096 2120 -
     16308 1618 -
      5396 3a3c -
     12052 3744 -
     10736 401c -
     11684 de4 -
     14388 a1c -
     15928 4460 -
     10728 4458 -
     17924 46d4 -
     13672 28b8 -
     17852 5d0 -
      9284 3838 -
      1412 451c -
     15512 1ae8 -
     10576 4114 -
     15036 41b8 -
     18360 4278 -
     11956 3fc4 -
     19168 4ae4 1817
     19252 4b38 1820
     19300 4b68 1820
Cleaned out 100 stale readers
Refreshing native plugins compatible for Editor in 4954.56 ms, found 3 plugins.
Preloading 0 native plugins for Editor in 0.00 ms.
Initialize engine version: 2021.3.4f1 (cb45f9cae8b7)
[Subsystems] Discovering subsystems at path C:/Program Files/Unity/Hub/Editor/2021.3.4f1/Editor/Data/Resources/UnitySubsystems
[Subsystems] Discovering subsystems at path D:/usuarios/alumno/documentos/GitHub/design2/MAPEADO/Assets
GfxDevice: creating device client; threaded=0; jobified=0
Direct3D:
    Version:  Direct3D 11.0 [level 11.1]
    Renderer: Intel(R) HD Graphics (ID=0x22b1)
    Vendor:   Intel
    VRAM:     2000 MB
    Driver:   20.19.15.5166
Initialize mono
Mono path[0] = 'C:/Program Files/Unity/Hub/Editor/2021.3.4f1/Editor/Data/Managed'
Mono path[1] = 'C:/Program Files/Unity/Hub/Editor/2021.3.4f1/Editor/Data/MonoBleedingEdge/lib/mono/unityjit-win32'
Mono config path = 'C:/Program Files/Unity/Hub/Editor/2021.3.4f1/Editor/Data/MonoBleedingEdge/etc'
Using monoOptions --debugger-agent=transport=dt_socket,embedding=1,server=y,suspend=n,address=127.0.0.1:56336
Begin MonoManager ReloadAssembly
