Using pre-set license
Built from '2021.3/staging' branch; Version is '2021.3.4f1 (cb45f9cae8b7) revision 13321721'; Using compiler version '192829333'; Build Type 'Release'
OS: 'Windows 10  (10.0.19042) 64bit ProfessionalEducation' Language: 'es' Physical Memory: 4000 MB
BatchMode: 1, IsHumanControllingUs: 0, StartBugReporterOnCrash: 0, Is64bit: 1, IsPro: 1

COMMAND LINE ARGUMENTS:
C:\Program Files\Unity\Hub\Editor\2021.3.4f1\Editor\Unity.exe
-adb2
-batchMode
-noUpm
-name
AssetImportWorker127
-projectPath
D:/usuarios/alumno/documentos/GitHub/design2/MAPEADO
-logFile
Logs/AssetImportWorker127.log
-srvPort
59947
Successfully changed project path to: D:/usuarios/alumno/documentos/GitHub/design2/MAPEADO
D:/usuarios/alumno/documentos/GitHub/design2/MAPEADO
[UnityMemory] Configuration Parameters - Can be set up in boot.config
    "memorysetup-bucket-allocator-granularity=16"
    "memorysetup-bucket-allocator-bucket-count=8"
    "memorysetup-bucket-allocator-block-size=33554432"
    "memorysetup-bucket-allocator-block-count=8"
    "memorysetup-main-allocator-block-size=16777216"
    "memorysetup-thread-allocator-block-size=16777216"
    "memorysetup-gfx-main-allocator-block-size=16777216"
    "memorysetup-gfx-thread-allocator-block-size=16777216"
    "memorysetup-cache-allocator-block-size=4194304"
    "memorysetup-typetree-allocator-block-size=2097152"
    "memorysetup-profiler-bucket-allocator-granularity=16"
    "memorysetup-profiler-bucket-allocator-bucket-count=8"
    "memorysetup-profiler-bucket-allocator-block-size=33554432"
    "memorysetup-profiler-bucket-allocator-block-count=8"
    "memorysetup-profiler-allocator-block-size=16777216"
    "memorysetup-profiler-editor-allocator-block-size=1048576"
    "memorysetup-temp-allocator-size-main=16777216"
    "memorysetup-job-temp-allocator-block-size=2097152"
    "memorysetup-job-temp-allocator-block-size-background=1048576"
    "memorysetup-job-temp-allocator-reduction-small-platforms=262144"
    "memorysetup-temp-allocator-size-background-worker=32768"
    "memorysetup-temp-allocator-size-job-worker=262144"
    "memorysetup-temp-allocator-size-preload-manager=33554432"
    "memorysetup-temp-allocator-size-nav-mesh-worker=65536"
    "memorysetup-temp-allocator-size-audio-worker=65536"
    "memorysetup-temp-allocator-size-cloud-worker=32768"
    "memorysetup-temp-allocator-size-gi-baking-worker=262144"
    "memorysetup-temp-allocator-size-gfx=262144"
mdb reader table full -> cleaning up stale readers. Current readers:
    pid     thread     txnid
      8136 2f98 -
      8136 1f30 -
      8136 1c6c -
      8136 bf0 -
      1640 734 -
      2844 2b90 -
      9528 214c -
     10784 19f4 -
     10716 2d20 -
     10396 26d8 -
     12188 2c6c -
     11948 2c14 -
      9436 2978 -
     11724 2e2c -
       648 ac0 -
     10172 26c4 -
      4896 2cbc -
     11812 80c -
      9460 4bc -
     12252 2c50 -
      7640 2c88 -
      7704 a68 -
     12776 2ef0 -
     13064 330c -
      3660 2dc0 -
     13036 32f8 -
     13008 32e0 -
     13004 32d4 -
     13876 3638 -
     13928 366c -
     13912 365c -
     13944 367c -
     13960 368c -
     13896 364c -
     11376 1a74 -
      2628 1b4c -
      9236 2ba4 -
     13664 3518 -
     10732 9a8 -
      9760 2e88 -
     12320 30e8 -
     12864 3244 -
     12880 3254 -
     12504 30dc -
     13284 33f0 -
     10484 2df8 -
     12760 31d4 -
      4840 25b0 -
      7808 930 -
     13772 35d0 -
     13812 35f8 -
      4724 1e4c -
     10556 26b4 -
      9004 e5c -
     10632 1f64 -
      7712 458 -
     10500 26e4 -
      2624 2878 -
     13852 2040 -
     11300 1b04 -
      2584 2c04 -
     13176 960 -
     12676 35e4 -
     12064 1324 1546
      8236 316c -
     10696 7d8 -
      5988 2d3c -
     14060 36a8 -
      9576 2780 -
      8948 3100 -
      7228 1cd8 -
      5024 2840 -
     10108 1038 -
      7956 1e24 -
      9384 37cc -
     15004 3aa0 -
     14940 3a60 -
     14956 3a70 -
     14988 3a90 -
     14924 3a50 -
     14972 3a80 -
       580 168 -
     13800 1d7c 1568
      2072 2144 1568
      9912 35ec 1568
     13360 1150 1568
     15136 3008 1570
     12404 3038 1572
     12556 34bc 1574
      6504 33fc 1573
     13728 1d3c 1574
     13868 3630 1574
     14896 239c -
     12416 354c -
     12332 2558 -
       392 34fc -
     12432 356c -
      8968 1eb0 -
     11836 3128 -
     13980 211c -
     10684 3970 -
     14584 3b70 -
     12292 3298 -
      1408 2f28 -
      7948 2e58 -
     14708 300c -
      2164 105c -
     14808 39b0 -
      9400 4ec -
      6568 2f70 -
     14360 2abc -
     12460 31a0 -
     14132 2560 -
      7532 3524 -
      7240 3a24 -
     15144 32a0 -
     11456 18e0 -
      8960 37e4 -
     14004 371c -
      9348 3408 -
      5196 2b28 -
     14372 37e8 -
      5964 2ebc -
     12172 2998 -
     11568 3584 -
     10808 32dc -
Cleaned out 106 stale readers
Refreshing native plugins compatible for Editor in 3974.53 ms, found 3 plugins.
Preloading 0 native plugins for Editor in 0.00 ms.
Initialize engine version: 2021.3.4f1 (cb45f9cae8b7)
[Subsystems] Discovering subsystems at path C:/Program Files/Unity/Hub/Editor/2021.3.4f1/Editor/Data/Resources/UnitySubsystems
[Subsystems] Discovering subsystems at path D:/usuarios/alumno/documentos/GitHub/design2/MAPEADO/Assets
GfxDevice: creating device client; threaded=0; jobified=0
Direct3D:
    Version:  Direct3D 11.0 [level 11.1]
    Renderer: Intel(R) HD Graphics (ID=0x22b1)
    Vendor:   Intel
    VRAM:     2000 MB
    Driver:   20.19.15.5166
Initialize mono
Mono path[0] = 'C:/Program Files/Unity/Hub/Editor/2021.3.4f1/Editor/Data/Managed'
Mono path[1] = 'C:/Program Files/Unity/Hub/Editor/2021.3.4f1/Editor/Data/MonoBleedingEdge/lib/mono/unityjit-win32'
Mono config path = 'C:/Program Files/Unity/Hub/Editor/2021.3.4f1/Editor/Data/MonoBleedingEdge/etc'
Using monoOptions --debugger-agent=transport=dt_socket,embedding=1,server=y,suspend=n,address=127.0.0.1:56164
Begin MonoManager ReloadAssembly
