Using pre-set license
Built from '2021.3/staging' branch; Version is '2021.3.4f1 (cb45f9cae8b7) revision 13321721'; Using compiler version '192829333'; Build Type 'Release'
OS: 'Windows 10  (10.0.19042) 64bit ProfessionalEducation' Language: 'es' Physical Memory: 4000 MB
BatchMode: 1, IsHumanControllingUs: 0, StartBugReporterOnCrash: 0, Is64bit: 1, IsPro: 1

COMMAND LINE ARGUMENTS:
C:\Program Files\Unity\Hub\Editor\2021.3.4f1\Editor\Unity.exe
-adb2
-batchMode
-noUpm
-name
AssetImportWorker1355
-projectPath
D:/usuarios/alumno/documentos/GitHub/design2/MAPEADO
-logFile
Logs/AssetImportWorker1355.log
-srvPort
59947
Successfully changed project path to: D:/usuarios/alumno/documentos/GitHub/design2/MAPEADO
D:/usuarios/alumno/documentos/GitHub/design2/MAPEADO
[UnityMemory] Configuration Parameters - Can be set up in boot.config
    "memorysetup-bucket-allocator-granularity=16"
    "memorysetup-bucket-allocator-bucket-count=8"
    "memorysetup-bucket-allocator-block-size=33554432"
    "memorysetup-bucket-allocator-block-count=8"
    "memorysetup-main-allocator-block-size=16777216"
    "memorysetup-thread-allocator-block-size=16777216"
    "memorysetup-gfx-main-allocator-block-size=16777216"
    "memorysetup-gfx-thread-allocator-block-size=16777216"
    "memorysetup-cache-allocator-block-size=4194304"
    "memorysetup-typetree-allocator-block-size=2097152"
    "memorysetup-profiler-bucket-allocator-granularity=16"
    "memorysetup-profiler-bucket-allocator-bucket-count=8"
    "memorysetup-profiler-bucket-allocator-block-size=33554432"
    "memorysetup-profiler-bucket-allocator-block-count=8"
    "memorysetup-profiler-allocator-block-size=16777216"
    "memorysetup-profiler-editor-allocator-block-size=1048576"
    "memorysetup-temp-allocator-size-main=16777216"
    "memorysetup-job-temp-allocator-block-size=2097152"
    "memorysetup-job-temp-allocator-block-size-background=1048576"
    "memorysetup-job-temp-allocator-reduction-small-platforms=262144"
    "memorysetup-temp-allocator-size-background-worker=32768"
    "memorysetup-temp-allocator-size-job-worker=262144"
    "memorysetup-temp-allocator-size-preload-manager=33554432"
    "memorysetup-temp-allocator-size-nav-mesh-worker=65536"
    "memorysetup-temp-allocator-size-audio-worker=65536"
    "memorysetup-temp-allocator-size-cloud-worker=32768"
    "memorysetup-temp-allocator-size-gi-baking-worker=262144"
    "memorysetup-temp-allocator-size-gfx=262144"
Refreshing native plugins compatible for Editor in 1926.26 ms, found 3 plugins.
Preloading 0 native plugins for Editor in 0.00 ms.
Initialize engine version: 2021.3.4f1 (cb45f9cae8b7)
[Subsystems] Discovering subsystems at path C:/Program Files/Unity/Hub/Editor/2021.3.4f1/Editor/Data/Resources/UnitySubsystems
[Subsystems] Discovering subsystems at path D:/usuarios/alumno/documentos/GitHub/design2/MAPEADO/Assets
GfxDevice: creating device client; threaded=0; jobified=0
Direct3D:
    Version:  Direct3D 11.0 [level 11.1]
    Renderer: Intel(R) HD Graphics (ID=0x22b1)
    Vendor:   Intel
    VRAM:     2000 MB
    Driver:   20.19.15.5166
Initialize mono
Mono path[0] = 'C:/Program Files/Unity/Hub/Editor/2021.3.4f1/Editor/Data/Managed'
Mono path[1] = 'C:/Program Files/Unity/Hub/Editor/2021.3.4f1/Editor/Data/MonoBleedingEdge/lib/mono/unityjit-win32'
Mono config path = 'C:/Program Files/Unity/Hub/Editor/2021.3.4f1/Editor/Data/MonoBleedingEdge/etc'
Using monoOptions --debugger-agent=transport=dt_socket,embedding=1,server=y,suspend=n,address=127.0.0.1:56776
Begin MonoManager ReloadAssembly
Registering precompiled unity dll's ...
Register platform support module: C:/Program Files/Unity/Hub/Editor/2021.3.4f1/Editor/Data/PlaybackEngines/WebGLSupport/UnityEditor.WebGL.Extensions.dll
Register platform support module: C:/Program Files/Unity/Hub/Editor/2021.3.4f1/Editor/Data/PlaybackEngines/WindowsStandaloneSupport/UnityEditor.WindowsStandalone.Extensions.dll
Registered in 0.103316 seconds.
Native extension for WindowsStandalone target not found
Native extension for WebGL target not found
Refreshing native plugins compatible for Editor in 440.48 ms, found 3 plugins.
Preloading 0 native plugins for Editor in 0.00 ms.
Mono: successfully reloaded assembly
- Completed reload, in  4.523 seconds
Domain Reload Profiling:
	ReloadAssembly (4526ms)
		BeginReloadAssembly (573ms)
			ExecutionOrderSort (0ms)
			DisableScriptedObjects (0ms)
			BackupInstance (0ms)
			ReleaseScriptingObjects (0ms)
			CreateAndSetChildDomain (29ms)
		EndReloadAssembly (3091ms)
			LoadAssemblies (546ms)
			RebuildTransferFunctionScriptingTraits (0ms)
			SetupTypeCache (708ms)
			ReleaseScriptCaches (0ms)
			RebuildScriptCaches (180ms)
			SetupLoadedEditorAssemblies (1778ms)
				LogAssemblyErrors (0ms)
				InitializePlatformSupportModulesInManaged (63ms)
				SetLoadedEditorAssemblies (1ms)
				RefreshPlugins (441ms)
				BeforeProcessingInitializeOnLoad (18ms)
				ProcessInitializeOnLoadAttributes (871ms)
				ProcessInitializeOnLoadMethodAttributes (383ms)
				AfterProcessingInitializeOnLoad (0ms)
				EditorAssembliesLoaded (1ms)
			ExecutionOrderSort2 (0ms)
			AwakeInstancesAfterBackupRestoration (0ms)
Platform modules already initialized, skipping
Registering precompiled user dll's ...
Registered in 0.065324 seconds.
Begin MonoManager ReloadAssembly
Symbol file LoadedFromMemory doesn't match image D:\usuarios\alumno\documentos\GitHub\design2\MAPEADO\Library\PackageCache\com.unity.visualscripting@1.7.8\Editor\VisualScripting.Core\Dependencies\YamlDotNet\Unity.VisualScripting.YamlDotNet.dll
Symbol file LoadedFromMemory doesn't match image D:\usuarios\alumno\documentos\GitHub\design2\MAPEADO\Library\PackageCache\com.unity.visualscripting@1.7.8\Editor\VisualScripting.Core\Dependencies\DotNetZip\Unity.VisualScripting.IonicZip.dll
Native extension for WindowsStandalone target not found
Native extension for WebGL target not found
Refreshing native plugins compatible for Editor in 2.72 ms, found 3 plugins.
Preloading 0 native plugins for Editor in 0.00 ms.
Mono: successfully reloaded assembly
- Completed reload, in  7.646 seconds
Domain Reload Profiling:
	ReloadAssembly (7651ms)
		BeginReloadAssembly (809ms)
			ExecutionOrderSort (0ms)
			DisableScriptedObjects (49ms)
			BackupInstance (0ms)
			ReleaseScriptingObjects (1ms)
			CreateAndSetChildDomain (210ms)
		EndReloadAssembly (5989ms)
			LoadAssemblies (558ms)
			RebuildTransferFunctionScriptingTraits (0ms)
			SetupTypeCache (1997ms)
			ReleaseScriptCaches (2ms)
			RebuildScriptCaches (330ms)
			SetupLoadedEditorAssemblies (2843ms)
				LogAssemblyErrors (0ms)
				InitializePlatformSupportModulesInManaged (50ms)
				SetLoadedEditorAssemblies (2ms)
				RefreshPlugins (3ms)
				BeforeProcessingInitializeOnLoad (461ms)
				ProcessInitializeOnLoadAttributes (1744ms)
				ProcessInitializeOnLoadMethodAttributes (533ms)
				AfterProcessingInitializeOnLoad (49ms)
				EditorAssembliesLoaded (1ms)
			ExecutionOrderSort2 (0ms)
			AwakeInstancesAfterBackupRestoration (46ms)
Platform modules already initialized, skipping
========================================================================
Worker process is ready to serve import requests
Launched and connected shader compiler UnityShaderCompiler.exe after 0.56 seconds
Refreshing native plugins compatible for Editor in 4.29 ms, found 3 plugins.
Preloading 0 native plugins for Editor in 0.00 ms.
Unloading 3389 Unused Serialized files (Serialized files now loaded: 0)
Unloading 39 unused Assets / (1.6 MB). Loaded Objects now: 3870.
Memory consumption went from 132.5 MB to 130.9 MB.
Total: 59.493700 ms (FindLiveObjects: 1.308600 ms CreateObjectMapping: 0.737200 ms MarkObjects: 55.094900 ms  DeleteObjects: 2.344400 ms)

AssetImportParameters requested are different than current active one (requested -> active):
  custom:video-decoder-ogg-theora: a1e56fd34408186e4bbccfd4996cb3dc -> 
  custom:container-muxer-webm: aa71ff27fc2769a1b78a27578f13a17b -> 
  custom:container-demuxer-webm: 4f35f7cbe854078d1ac9338744f61a02 -> 
  custom:video-encoder-webm-vp8: eb34c28f22e8b96e1ab97ce403110664 -> 
  custom:audio-encoder-webm-vorbis: bf7c407c2cedff20999df2af8eb42d56 -> 
  custom:framework-win-MediaFoundation: 216162199b28c13a410421893ffa2e32 -> 
  custom:container-demuxer-ogg: 62fdf1f143b41e24485cea50d1cbac27 -> 
  custom:video-decoder-webm-vp8: 9c59270c3fd7afecdb556c50c9e8de78 -> 
  custom:audio-decoder-ogg-vorbis: bf7c407c2cedff20999df2af8eb42d56 -> 
========================================================================
Received Import Request.
  Time since last request: 193739.984187 seconds.
  path: Assets/enemigo/movEnemigo.cs
  artifactKey: Guid(6273427f677610d43a938246332ee2f8) Importer(815301076,1909f56bfc062723c751e8b465ee728b)
Start importing Assets/enemigo/movEnemigo.cs using Guid(6273427f677610d43a938246332ee2f8) Importer(815301076,1909f56bfc062723c751e8b465ee728b)  -> (artifact id: '6759320067b9a9832d87ffd595364554') in 0.529381 seconds 
========================================================================
Received Prepare
Registering precompiled user dll's ...
Registered in 0.519402 seconds.
Begin MonoManager ReloadAssembly
Symbol file LoadedFromMemory doesn't match image D:\usuarios\alumno\documentos\GitHub\design2\MAPEADO\Library\PackageCache\com.unity.visualscripting@1.7.8\Editor\VisualScripting.Core\Dependencies\YamlDotNet\Unity.VisualScripting.YamlDotNet.dll
Symbol file LoadedFromMemory doesn't match image D:\usuarios\alumno\documentos\GitHub\design2\MAPEADO\Library\PackageCache\com.unity.visualscripting@1.7.8\Editor\VisualScripting.Core\Dependencies\DotNetZip\Unity.VisualScripting.IonicZip.dll
Native extension for WindowsStandalone target not found
Native extension for WebGL target not found
Refreshing native plugins compatible for Editor in 22.23 ms, found 3 plugins.
Preloading 0 native plugins for Editor in 0.00 ms.
Mono: successfully reloaded assembly
- Completed reload, in 35.435 seconds
Domain Reload Profiling:
	ReloadAssembly (35464ms)
		BeginReloadAssembly (10181ms)
			ExecutionOrderSort (1ms)
			DisableScriptedObjects (408ms)
			BackupInstance (0ms)
			ReleaseScriptingObjects (10ms)
			CreateAndSetChildDomain (3866ms)
		EndReloadAssembly (22896ms)
			LoadAssemblies (2604ms)
			RebuildTransferFunctionScriptingTraits (40ms)
			SetupTypeCache (8013ms)
			ReleaseScriptCaches (19ms)
			RebuildScriptCaches (535ms)
			SetupLoadedEditorAssemblies (10839ms)
				LogAssemblyErrors (0ms)
				InitializePlatformSupportModulesInManaged (292ms)
				SetLoadedEditorAssemblies (10ms)
				RefreshPlugins (23ms)
				BeforeProcessingInitializeOnLoad (1494ms)
				ProcessInitializeOnLoadAttributes (5806ms)
				ProcessInitializeOnLoadMethodAttributes (2669ms)
				AfterProcessingInitializeOnLoad (542ms)
				EditorAssembliesLoaded (2ms)
			ExecutionOrderSort2 (0ms)
			AwakeInstancesAfterBackupRestoration (37ms)
Platform modules already initialized, skipping
Refreshing native plugins compatible for Editor in 1119.33 ms, found 3 plugins.
Preloading 0 native plugins for Editor in 0.00 ms.
Unloading 3381 Unused Serialized files (Serialized files now loaded: 0)
Unloading 32 unused Assets / (1.6 MB). Loaded Objects now: 3873.
Memory consumption went from 132.8 MB to 131.2 MB.
Total: 1028.549300 ms (FindLiveObjects: 92.103400 ms CreateObjectMapping: 1.045100 ms MarkObjects: 900.935100 ms  DeleteObjects: 34.452100 ms)

AssetImportParameters requested are different than current active one (requested -> active):
  custom:video-decoder-ogg-theora: a1e56fd34408186e4bbccfd4996cb3dc -> 
  custom:container-muxer-webm: aa71ff27fc2769a1b78a27578f13a17b -> 
  custom:container-demuxer-webm: 4f35f7cbe854078d1ac9338744f61a02 -> 
  custom:video-encoder-webm-vp8: eb34c28f22e8b96e1ab97ce403110664 -> 
  custom:audio-encoder-webm-vorbis: bf7c407c2cedff20999df2af8eb42d56 -> 
  custom:framework-win-MediaFoundation: 216162199b28c13a410421893ffa2e32 -> 
  custom:container-demuxer-ogg: 62fdf1f143b41e24485cea50d1cbac27 -> 
  custom:video-decoder-webm-vp8: 9c59270c3fd7afecdb556c50c9e8de78 -> 
  custom:audio-decoder-ogg-vorbis: bf7c407c2cedff20999df2af8eb42d56 -> 
========================================================================
Received Import Request.
  Time since last request: 1176.347182 seconds.
  path: Assets/329b66b2f982ae92ec584f0d0885ce5c.jpg
  artifactKey: Guid(1f83985d4dc8f774d81e00bc5244e418) Importer(815301076,1909f56bfc062723c751e8b465ee728b)
Start importing Assets/329b66b2f982ae92ec584f0d0885ce5c.jpg using Guid(1f83985d4dc8f774d81e00bc5244e418) Importer(815301076,1909f56bfc062723c751e8b465ee728b)  -> (artifact id: '1ec59ba981ae4f5d51161a62da795117') in 311.057359 seconds 
========================================================================
Received Import Request.
  Time since last request: 8.210285 seconds.
  path: Assets/high_view_grass_textures_seamless_14.jpg
  artifactKey: Guid(c41b1dc7ce20f5746a9850b251b6f6f4) Importer(815301076,1909f56bfc062723c751e8b465ee728b)
Start importing Assets/high_view_grass_textures_seamless_14.jpg using Guid(c41b1dc7ce20f5746a9850b251b6f6f4) Importer(815301076,1909f56bfc062723c751e8b465ee728b) Editor requested this worker to shutdown with reason: Scaling down because of idle timeout
