Using pre-set license
Built from '2021.3/staging' branch; Version is '2021.3.4f1 (cb45f9cae8b7) revision 13321721'; Using compiler version '192829333'; Build Type 'Release'
OS: 'Windows 10  (10.0.19042) 64bit ProfessionalEducation' Language: 'es' Physical Memory: 4000 MB
BatchMode: 1, IsHumanControllingUs: 0, StartBugReporterOnCrash: 0, Is64bit: 1, IsPro: 1

COMMAND LINE ARGUMENTS:
C:\Program Files\Unity\Hub\Editor\2021.3.4f1\Editor\Unity.exe
-adb2
-batchMode
-noUpm
-name
AssetImportWorker167
-projectPath
D:/usuarios/alumno/documentos/GitHub/design2/MAPEADO
-logFile
Logs/AssetImportWorker167.log
-srvPort
50206
Successfully changed project path to: D:/usuarios/alumno/documentos/GitHub/design2/MAPEADO
D:/usuarios/alumno/documentos/GitHub/design2/MAPEADO
[UnityMemory] Configuration Parameters - Can be set up in boot.config
    "memorysetup-bucket-allocator-granularity=16"
    "memorysetup-bucket-allocator-bucket-count=8"
    "memorysetup-bucket-allocator-block-size=33554432"
    "memorysetup-bucket-allocator-block-count=8"
    "memorysetup-main-allocator-block-size=16777216"
    "memorysetup-thread-allocator-block-size=16777216"
    "memorysetup-gfx-main-allocator-block-size=16777216"
    "memorysetup-gfx-thread-allocator-block-size=16777216"
    "memorysetup-cache-allocator-block-size=4194304"
    "memorysetup-typetree-allocator-block-size=2097152"
    "memorysetup-profiler-bucket-allocator-granularity=16"
    "memorysetup-profiler-bucket-allocator-bucket-count=8"
    "memorysetup-profiler-bucket-allocator-block-size=33554432"
    "memorysetup-profiler-bucket-allocator-block-count=8"
    "memorysetup-profiler-allocator-block-size=16777216"
    "memorysetup-profiler-editor-allocator-block-size=1048576"
    "memorysetup-temp-allocator-size-main=16777216"
    "memorysetup-job-temp-allocator-block-size=2097152"
    "memorysetup-job-temp-allocator-block-size-background=1048576"
    "memorysetup-job-temp-allocator-reduction-small-platforms=262144"
    "memorysetup-temp-allocator-size-background-worker=32768"
    "memorysetup-temp-allocator-size-job-worker=262144"
    "memorysetup-temp-allocator-size-preload-manager=33554432"
    "memorysetup-temp-allocator-size-nav-mesh-worker=65536"
    "memorysetup-temp-allocator-size-audio-worker=65536"
    "memorysetup-temp-allocator-size-cloud-worker=32768"
    "memorysetup-temp-allocator-size-gi-baking-worker=262144"
    "memorysetup-temp-allocator-size-gfx=262144"
Refreshing native plugins compatible for Editor in 4619.31 ms, found 3 plugins.
Preloading 0 native plugins for Editor in 0.00 ms.
Initialize engine version: 2021.3.4f1 (cb45f9cae8b7)
[Subsystems] Discovering subsystems at path C:/Program Files/Unity/Hub/Editor/2021.3.4f1/Editor/Data/Resources/UnitySubsystems
[Subsystems] Discovering subsystems at path D:/usuarios/alumno/documentos/GitHub/design2/MAPEADO/Assets
GfxDevice: creating device client; threaded=0; jobified=0
Direct3D:
    Version:  Direct3D 11.0 [level 11.1]
    Renderer: Intel(R) HD Graphics (ID=0x22b1)
    Vendor:   Intel
    VRAM:     2000 MB
    Driver:   20.19.15.5166
d3d11: failed to create 2D texture id=11 width=4 height=4 mips=1 dxgifmt=28 [D3D error was 887a0005]
d3d11: failed to create 2D texture shader resource view id=11 [D3D error was 80070057]
d3d11: Failed to create 2D texture in GfxDeviceD3D11
d3d11: failed to create 2D texture id=12 width=4 height=4 mips=1 dxgifmt=28 [D3D error was 887a0005]
d3d11: failed to create 2D texture shader resource view id=12 [D3D error was 80070057]
d3d11: Failed to create 2D texture in GfxDeviceD3D11
d3d11: failed to create 2D texture id=13 width=4 height=4 mips=1 dxgifmt=28 [D3D error was 887a0005]
d3d11: failed to create 2D texture shader resource view id=13 [D3D error was 80070057]
d3d11: Failed to create 2D texture in GfxDeviceD3D11
d3d11: failed to create 2D texture id=14 width=16 height=16 mips=1 dxgifmt=28 [D3D error was 887a0005]
d3d11: failed to create 2D texture shader resource view id=14 [D3D error was 80070057]
d3d11: Failed to create 2D texture in GfxDeviceD3D11
d3d11: failed to create 2D texture id=15 width=4 height=4 mips=3 dxgifmt=28 [D3D error was 887a0005]
d3d11: failed to create 2D texture shader resource view id=15 [D3D error was 80070057]
d3d11: Failed to create 2D texture in GfxDeviceD3D11
d3d11: failed to create 2D texture id=16 width=4 height=4 mips=1 dxgifmt=28 [D3D error was 887a0005]
d3d11: failed to create 2D texture shader resource view id=16 [D3D error was 80070057]
d3d11: Failed to create 2D texture in GfxDeviceD3D11
d3d11: failed to create 2D texture id=17 width=4 height=4 mips=1 dxgifmt=28 [D3D error was 887a0005]
d3d11: failed to create 2D texture shader resource view id=17 [D3D error was 80070057]
d3d11: Failed to create 2D texture in GfxDeviceD3D11
d3d11: failed to create 2D texture id=18 width=256 height=2 mips=1 dxgifmt=28 [D3D error was 887a0005]
d3d11: failed to create 2D texture shader resource view id=18 [D3D error was 80070057]
d3d11: Failed to create 2D texture in GfxDeviceD3D11
d3d11: failed to create 2D texture id=19 width=64 height=64 mips=1 dxgifmt=65 [D3D error was 887a0005]
d3d11: failed to create 2D texture shader resource view id=19 [D3D error was 80070057]
d3d11: Failed to create 2D texture in GfxDeviceD3D11
d3d11: failed to create 2D texture id=20 width=1024 height=1 mips=1 dxgifmt=56 [D3D error was 887a0005]
d3d11: failed to create 2D texture shader resource view id=20 [D3D error was 80070057]
d3d11: Failed to create 2D texture in GfxDeviceD3D11
d3d11: failed to create Cube texture id=21 width=1 height=1 mips=1 dxgifmt=28 [D3D error was 887a0005]
d3d11: failed to create Cube texture shader resource view id=21 [D3D error was 80070057]
failed to create cubemap
d3d11: failed to create 2D texture id=22 width=16 height=16 mips=1 dxgifmt=28 [D3D error was 887a0005]
d3d11: failed to create 2D texture shader resource view id=22 [D3D error was 80070057]
d3d11: Failed to create 2D texture in GfxDeviceD3D11
d3d11: failed to create 3D texture id=23 s=1x1x1 mips=1 d3dfmt=28 [887a0005]
d3d11: failed to create 3D texture view id=23 [80070057]
failed to create 3D texture
d3d11: failed to create 2DArray texture id=24 s=1x1x1 mips=1 d3dfmt=28 [887a0005]
d3d11: failed to create 2DArray texture view id=24 [80070057]
failed to create 2DArray texture
d3d11: failed to create cubemap array texture id=25 s=1x1x1 mips=1 d3dfmt=28 [887a0005]
d3d11: failed to create CubemapArray texture view id=25 [80070057]
failed to create CubemapArray texture
d3d11: failed to create Cube texture id=26 width=1 height=1 mips=1 dxgifmt=28 [D3D error was 887a0005]
d3d11: failed to create Cube texture shader resource view id=26 [D3D error was 80070057]
failed to create cubemap
d3d11: failed to create 2D texture id=27 width=4 height=4 mips=1 dxgifmt=65 [D3D error was 887a0005]
d3d11: failed to create 2D texture shader resource view id=27 [D3D error was 80070057]
d3d11: Failed to create 2D texture in GfxDeviceD3D11
d3d11: failed to create 3D texture id=29 s=4x4x16 mips=1 d3dfmt=65 [887a0005]
d3d11: failed to create 3D texture view id=29 [80070057]
failed to create 3D texture
d3d11: failed to create 2D texture id=28 width=4 height=64 mips=1 dxgifmt=65 [D3D error was 887a0005]
d3d11: failed to create 2D texture shader resource view id=28 [D3D error was 80070057]
d3d11: Failed to create 2D texture in GfxDeviceD3D11
d3d11: failed to create 2D texture id=30 width=256 height=64 mips=1 dxgifmt=56 [D3D error was 887a0005]
d3d11: failed to create 2D texture shader resource view id=30 [D3D error was 80070057]
d3d11: Failed to create 2D texture in GfxDeviceD3D11
Assertion failed on expression: 'SUCCEEDED(hr)'
Assertion failed on expression: 'SUCCEEDED(hr)'
Assertion failed on expression: 'SUCCEEDED(hr)'
Assertion failed on expression: 'SUCCEEDED(hr)'
Assertion failed on expression: 'SUCCEEDED(hr)'
Assertion failed on expression: 'SUCCEEDED(hr)'
Assertion failed on expression: 'SUCCEEDED(hr)'
Assertion failed on expression: 'SUCCEEDED(hr)'
Assertion failed on expression: 'SUCCEEDED(hr)'
Assertion failed on expression: 'SUCCEEDED(hr)'
Assertion failed on expression: 'SUCCEEDED(hr)'
Assertion failed on expression: 'SUCCEEDED(hr)'
Assertion failed on expression: 'SUCCEEDED(hr)'
Assertion failed on expression: 'SUCCEEDED(hr)'
d3d11: failed to create 2D texture id=31 width=128 height=128 mips=8 dxgifmt=65 [D3D error was 887a0005]
d3d11: failed to create 2D texture shader resource view id=31 [D3D error was 80070057]
d3d11: Failed to create 2D texture in GfxDeviceD3D11
Initialize mono
Mono path[0] = 'C:/Program Files/Unity/Hub/Editor/2021.3.4f1/Editor/Data/Managed'
Mono path[1] = 'C:/Program Files/Unity/Hub/Editor/2021.3.4f1/Editor/Data/MonoBleedingEdge/lib/mono/unityjit-win32'
Mono config path = 'C:/Program Files/Unity/Hub/Editor/2021.3.4f1/Editor/Data/MonoBleedingEdge/etc'
Using monoOptions --debugger-agent=transport=dt_socket,embedding=1,server=y,suspend=n,address=127.0.0.1:56644
