Using pre-set license
Built from '2021.3/staging' branch; Version is '2021.3.4f1 (cb45f9cae8b7) revision 13321721'; Using compiler version '192829333'; Build Type 'Release'
OS: 'Windows 10  (10.0.19042) 64bit ProfessionalEducation' Language: 'es' Physical Memory: 4000 MB
BatchMode: 1, IsHumanControllingUs: 0, StartBugReporterOnCrash: 0, Is64bit: 1, IsPro: 1

COMMAND LINE ARGUMENTS:
C:\Program Files\Unity\Hub\Editor\2021.3.4f1\Editor\Unity.exe
-adb2
-batchMode
-noUpm
-name
AssetImportWorker384
-projectPath
D:/usuarios/alumno/documentos/GitHub/design2/MAPEADO
-logFile
Logs/AssetImportWorker384.log
-srvPort
59947
Successfully changed project path to: D:/usuarios/alumno/documentos/GitHub/design2/MAPEADO
D:/usuarios/alumno/documentos/GitHub/design2/MAPEADO
[UnityMemory] Configuration Parameters - Can be set up in boot.config
    "memorysetup-bucket-allocator-granularity=16"
    "memorysetup-bucket-allocator-bucket-count=8"
    "memorysetup-bucket-allocator-block-size=33554432"
    "memorysetup-bucket-allocator-block-count=8"
    "memorysetup-main-allocator-block-size=16777216"
    "memorysetup-thread-allocator-block-size=16777216"
    "memorysetup-gfx-main-allocator-block-size=16777216"
    "memorysetup-gfx-thread-allocator-block-size=16777216"
    "memorysetup-cache-allocator-block-size=4194304"
    "memorysetup-typetree-allocator-block-size=2097152"
    "memorysetup-profiler-bucket-allocator-granularity=16"
    "memorysetup-profiler-bucket-allocator-bucket-count=8"
    "memorysetup-profiler-bucket-allocator-block-size=33554432"
    "memorysetup-profiler-bucket-allocator-block-count=8"
    "memorysetup-profiler-allocator-block-size=16777216"
    "memorysetup-profiler-editor-allocator-block-size=1048576"
    "memorysetup-temp-allocator-size-main=16777216"
    "memorysetup-job-temp-allocator-block-size=2097152"
    "memorysetup-job-temp-allocator-block-size-background=1048576"
    "memorysetup-job-temp-allocator-reduction-small-platforms=262144"
    "memorysetup-temp-allocator-size-background-worker=32768"
    "memorysetup-temp-allocator-size-job-worker=262144"
    "memorysetup-temp-allocator-size-preload-manager=33554432"
    "memorysetup-temp-allocator-size-nav-mesh-worker=65536"
    "memorysetup-temp-allocator-size-audio-worker=65536"
    "memorysetup-temp-allocator-size-cloud-worker=32768"
    "memorysetup-temp-allocator-size-gi-baking-worker=262144"
    "memorysetup-temp-allocator-size-gfx=262144"
Crash!!!
SymInit: Symbol-SearchPath: 'C:/Program Files/Unity/Hub/Editor/2021.3.4f1/Editor/Data/Mono;.;D:\usuarios\alumno\documentos\GitHub\design2\MAPEADO;D:\usuarios\alumno\documentos\GitHub\design2\MAPEADO\Library\BurstCache\JIT;C:\Program Files\Unity\Hub\Editor\2021.3.4f1\Editor;C:\WINDOWS;C:\WINDOWS\system32;SRV*C:\websymbols*http://msdl.microsoft.com/download/symbols;', symOptions: 534, UserName: 'Alumno'
OS-Version: 10.0.0
C:\Program Files\Unity\Hub\Editor\2021.3.4f1\Editor\Unity.exe:Unity.exe (00007FF625130000), size: 73408512 (result: 0), SymType: '-deferred-', PDB: '', fileVersion: 2021.3.4.17913
C:\WINDOWS\SYSTEM32\ntdll.dll:ntdll.dll (00007FFEC6490000), size: 2052096 (result: 0), SymType: '-deferred-', PDB: '', fileVersion: 10.0.19041.1682
C:\WINDOWS\System32\KERNEL32.DLL:KERNEL32.DLL (00007FFEC5D70000), size: 774144 (result: 0), SymType: '-deferred-', PDB: '', fileVersion: 10.0.19041.1706
C:\WINDOWS\System32\KERNELBASE.dll:KERNELBASE.dll (00007FFEC4210000), size: 2936832 (result: 0), SymType: '-deferred-', PDB: '', fileVersion: 10.0.19041.1706
C:\WINDOWS\System32\CRYPT32.dll:CRYPT32.dll (00007FFEC3C30000), size: 1400832 (result: 0), SymType: '-deferred-', PDB: '', fileVersion: 10.0.19041.1320
C:\WINDOWS\System32\ucrtbase.dll:ucrtbase.dll (00007FFEC3E80000), size: 1048576 (result: 0), SymType: '-deferred-', PDB: '', fileVersion: 10.0.19041.789
C:\WINDOWS\System32\USER32.dll:USER32.dll (00007FFEC49F0000), size: 1703936 (result: 0), SymType: '-deferred-', PDB: '', fileVersion: 10.0.19041.1503
C:\WINDOWS\System32\win32u.dll:win32u.dll (00007FFEC3F80000), size: 139264 (result: 0), SymType: '-deferred-', PDB: '', fileVersion: 10.0.19041.1706
C:\WINDOWS\System32\GDI32.dll:GDI32.dll (00007FFEC4570000), size: 172032 (result: 0), SymType: '-deferred-', PDB: '', fileVersion: 10.0.19041.1620
C:\WINDOWS\System32\gdi32full.dll:gdi32full.dll (00007FFEC4060000), size: 1093632 (result: 0), SymType: '-deferred-', PDB: '', fileVersion: 10.0.19041.1706
C:\WINDOWS\System32\msvcp_win.dll:msvcp_win.dll (00007FFEC4170000), size: 643072 (result: 0), SymType: '-deferred-', PDB: '', fileVersion: 10.0.19041.789
C:\WINDOWS\System32\ADVAPI32.dll:ADVAPI32.dll (00007FFEC61A0000), size: 712704 (result: 0), SymType: '-deferred-', PDB: '', fileVersion: 10.0.19041.1682
C:\WINDOWS\System32\msvcrt.dll:msvcrt.dll (00007FFEC5380000), size: 647168 (result: 0), SymType: '-deferred-', PDB: '', fileVersion: 7.0.19041.546
C:\WINDOWS\System32\sechost.dll:sechost.dll (00007FFEC47A0000), size: 638976 (result: 0), SymType: '-deferred-', PDB: '', fileVersion: 10.0.19041.1586
C:\WINDOWS\System32\RPCRT4.dll:RPCRT4.dll (00007FFEC5C40000), size: 1200128 (result: 0), SymType: '-deferred-', PDB: '', fileVersion: 10.0.19041.1706
C:\WINDOWS\System32\SHELL32.dll:SHELL32.dll (00007FFEC5420000), size: 7618560 (result: 0), SymType: '-deferred-', PDB: '', fileVersion: 10.0.19041.1706
C:\WINDOWS\System32\SHLWAPI.dll:SHLWAPI.dll (00007FFEC6380000), size: 348160 (result: 0), SymType: '-deferred-', PDB: '', fileVersion: 10.0.19041.1706
C:\WINDOWS\System32\ole32.dll:ole32.dll (00007FFEC6250000), size: 1220608 (result: 0), SymType: '-deferred-', PDB: '', fileVersion: 10.0.19041.1202
C:\WINDOWS\System32\combase.dll:combase.dll (00007FFEC5E30000), size: 3489792 (result: 0), SymType: '-deferred-', PDB: '', fileVersion: 10.0.19041.1682
C:\WINDOWS\System32\IMM32.dll:IMM32.dll (00007FFEC4540000), size: 196608 (result: 0), SymType: '-deferred-', PDB: '', fileVersion: 10.0.19041.546
C:\WINDOWS\System32\SETUPAPI.dll:SETUPAPI.dll (00007FFEC4DD0000), size: 4657152 (result: 0), SymType: '-deferred-', PDB: '', fileVersion: 10.0.19041.1682
C:\WINDOWS\System32\cfgmgr32.dll:cfgmgr32.dll (00007FFEC3D90000), size: 319488 (result: 0), SymType: '-deferred-', PDB: '', fileVersion: 10.0.19041.1620
C:\WINDOWS\System32\bcrypt.dll:bcrypt.dll (00007FFEC3E50000), size: 159744 (result: 0), SymType: '-deferred-', PDB: '', fileVersion: 10.0.19041.1023
C:\WINDOWS\System32\WS2_32.dll:WS2_32.dll (00007FFEC4730000), size: 438272 (result: 0), SymType: '-deferred-', PDB: '', fileVersion: 10.0.19041.546
C:\WINDOWS\System32\OLEAUT32.dll:OLEAUT32.dll (00007FFEC5B70000), size: 839680 (result: 0), SymType: '-deferred-', PDB: '', fileVersion: 10.0.19041.985
C:\WINDOWS\System32\WINTRUST.dll:WINTRUST.dll (00007FFEC3DE0000), size: 425984 (result: 0), SymType: '-deferred-', PDB: '', fileVersion: 10.0.19041.1682
C:\Program Files\Unity\Hub\Editor\2021.3.4f1\Editor\libfbxsdk.dll:libfbxsdk.dll (00007FFE91B80000), size: 10215424 (result: 0), SymType: '-deferred-', PDB: '', fileVersion: 2020.2.0.0
C:\Program Files\Unity\Hub\Editor\2021.3.4f1\Editor\optix.6.0.0.dll:optix.6.0.0.dll (00007FFEB9C60000), size: 208896 (result: 0), SymType: '-deferred-', PDB: '', fileVersion: 6.0.0.0
C:\Program Files\Unity\Hub\Editor\2021.3.4f1\Editor\s3tcompress.dll:s3tcompress.dll (00007FFEB9C30000), size: 180224 (result: 0), SymType: '-deferred-', PDB: ''
C:\Program Files\Unity\Hub\Editor\2021.3.4f1\Editor\etccompress.dll:etccompress.dll (00007FFE90440000), size: 5066752 (result: 0), SymType: '-deferred-', PDB: ''
C:\Program Files\Unity\Hub\Editor\2021.3.4f1\Editor\ispc_texcomp.dll:ispc_texcomp.dll (00007FFE93A80000), size: 1740800 (result: 0), SymType: '-deferred-', PDB: ''
C:\Program Files\Unity\Hub\Editor\2021.3.4f1\Editor\compress_bc7e.dll:compress_bc7e.dll (00007FFE92F60000), size: 1441792 (result: 8), SymType: '-unknown-', PDB: ''
C:\Program Files\Unity\Hub\Editor\2021.3.4f1\Editor\FreeImage.dll:FreeImage.dll (0000000180000000), size: 6582272 (result: 8), SymType: '-unknown-', PDB: '', fileVersion: 3.18.0.0
C:\Program Files\Unity\Hub\Editor\2021.3.4f1\Editor\OpenImageDenoise.dll:OpenImageDenoise.dll (00007FFE5E610000), size: 48848896 (result: 8), SymType: '-unknown-', PDB: '', fileVersion: 1.4.2.0
C:\Program Files\Unity\Hub\Editor\2021.3.4f1\Editor\WinPixEventRuntime.dll:WinPixEventRuntime.dll (00007FFEBC0D0000), size: 45056 (result: 8), SymType: '-unknown-', PDB: '', fileVersion: 1.0.1812.6001
C:\Program Files\Unity\Hub\Editor\2021.3.4f1\Editor\umbraoptimizer64.dll:umbraoptimizer64.dll (00007FFE9A0B0000), size: 1187840 (result: 8), SymType: '-unknown-', PDB: ''
C:\WINDOWS\SYSTEM32\OPENGL32.dll:OPENGL32.dll (00007FFE99D50000), size: 1204224 (result: 0), SymType: '-deferred-', PDB: '', fileVersion: 10.0.19041.1566
C:\WINDOWS\SYSTEM32\GLU32.dll:GLU32.dll (00007FFE9B290000), size: 180224 (result: 0), SymType: '-deferred-', PDB: '', fileVersion: 10.0.19041.1566
C:\WINDOWS\SYSTEM32\IPHLPAPI.DLL:IPHLPAPI.DLL (00007FFEC3000000), size: 241664 (result: 8), SymType: '-unknown-', PDB: '', fileVersion: 10.0.19041.546
C:\WINDOWS\SYSTEM32\WINHTTP.dll:WINHTTP.dll (00007FFEB40F0000), size: 1089536 (result: 8), SymType: '-unknown-', PDB: '', fileVersion: 10.0.19041.1682
C:\WINDOWS\SYSTEM32\WINMM.dll:WINMM.dll (00007FFEAFD40000), size: 159744 (result: 8), SymType: '-unknown-', PDB: '', fileVersion: 10.0.19041.546
C:\WINDOWS\SYSTEM32\HID.DLL:HID.DLL (00007FFEC1640000), size: 53248 (result: 8), SymType: '-unknown-', PDB: '', fileVersion: 10.0.19041.546
C:\WINDOWS\SYSTEM32\dwmapi.dll:dwmapi.dll (00007FFEC0A80000), size: 192512 (result: 8), SymType: '-unknown-', PDB: '', fileVersion: 10.0.19041.746
C:\Program Files\Unity\Hub\Editor\2021.3.4f1\Editor\RadeonImageFilters.dll:RadeonImageFilters.dll (00007FFE90160000), size: 2961408 (result: 8), SymType: '-unknown-', PDB: '', fileVersion: 1.7.0.0
C:\Program Files\Unity\Hub\Editor\2021.3.4f1\Editor\SketchUpAPI.dll:SketchUpAPI.dll (00007FFE8BB70000), size: 9306112 (result: 8), SymType: '-unknown-', PDB: '', fileVersion: 20.2.172.0
C:\WINDOWS\SYSTEM32\VERSION.dll:VERSION.dll (00007FFEB4EC0000), size: 40960 (result: 8), SymType: '-unknown-', PDB: '', fileVersion: 10.0.19041.546
C:\WINDOWS\SYSTEM32\WSOCK32.dll:WSOCK32.dll (00007FFEC0D70000), size: 36864 (result: 8), SymType: '-unknown-', PDB: '', fileVersion: 10.0.19041.1
C:\Program Files\Unity\Hub\Editor\2021.3.4f1\Editor\tbb12.dll:tbb12.dll (00007FFE9A470000), size: 434176 (result: 8), SymType: '-unknown-', PDB: ''
C:\WINDOWS\SYSTEM32\MSVCP140.dll:MSVCP140.dll (00007FFEB0C30000), size: 577536 (result: 8), SymType: '-unknown-', PDB: '', fileVersion: 14.28.29914.0
C:\WINDOWS\SYSTEM32\VCRUNTIME140.dll:VCRUNTIME140.dll (00007FFEB0730000), size: 106496 (result: 8), SymType: '-unknown-', PDB: '', fileVersion: 14.28.29914.0
C:\Program Files\Unity\Hub\Editor\2021.3.4f1\Editor\RadeonML.dll:RadeonML.dll (00007FFEBAF60000), size: 94208 (result: 8), SymType: '-unknown-', PDB: '', fileVersion: 0.9.11.0
C:\Program Files\Unity\Hub\Editor\2021.3.4f1\Editor\SketchUpCommonPreferences.dll:SketchUpCommonPreferences.dll (00007FFE900E0000), size: 479232 (result: 8), SymType: '-unknown-', PDB: '', fileVersion: 20.2.172.37
C:\WINDOWS\SYSTEM32\Secur32.dll:Secur32.dll (00007FFEB1AE0000), size: 49152 (result: 8), SymType: '-unknown-', PDB: '', fileVersion: 10.0.19041.546
C:\Program Files\Unity\Hub\Editor\2021.3.4f1\Editor\tbbmalloc.dll:tbbmalloc.dll (00007FFE9B240000), size: 282624 (result: 8), SymType: '-unknown-', PDB: ''
C:\WINDOWS\SYSTEM32\VCRUNTIME140_1.dll:VCRUNTIME140_1.dll (00007FFEB0720000), size: 49152 (result: 8), SymType: '-unknown-', PDB: '', fileVersion: 14.28.29914.0
C:\WINDOWS\SYSTEM32\SSPICLI.DLL:SSPICLI.DLL (00007FFEC3A60000), size: 204800 (result: 8), SymType: '-unknown-', PDB: '', fileVersion: 10.0.19041.1586
C:\Program Files\Unity\Hub\Editor\2021.3.4f1\Editor\OpenRL.dll:OpenRL.dll (000001A29A790000), size: 12779520 (result: 8), SymType: '-unknown-', PDB: '', fileVersion: 1.5.0.2907
C:\WINDOWS\SYSTEM32\MSVCP100.dll:MSVCP100.dll (0000000066130000), size: 622592 (result: 8), SymType: '-unknown-', PDB: '', fileVersion: 10.0.40219.325
C:\Program Files\Unity\Hub\Editor\2021.3.4f1\Editor\embree.dll:embree.dll (00007FFE89ED0000), size: 16711680 (result: 8), SymType: '-unknown-', PDB: '', fileVersion: 2.14.0.0
C:\WINDOWS\SYSTEM32\MSWSOCK.DLL:MSWSOCK.DLL (00007FFEC3360000), size: 434176 (result: 8), SymType: '-unknown-', PDB: '', fileVersion: 10.0.19041.546
C:\Program Files\Unity\Hub\Editor\2021.3.4f1\Editor\tbb.dll:tbb.dll (00007FFE90070000), size: 413696 (result: 8), SymType: '-unknown-', PDB: '', fileVersion: 2017.0.2016.1004
C:\WINDOWS\SYSTEM32\MSVCP120.dll:MSVCP120.dll (00007FFEBEC00000), size: 679936 (result: 8), SymType: '-unknown-', PDB: '', fileVersion: 12.0.21005.1
C:\WINDOWS\SYSTEM32\MSVCR120.dll:MSVCR120.dll (00007FFEBF7E0000), size: 978944 (result: 8), SymType: '-unknown-', PDB: '', fileVersion: 12.0.21005.1
C:\WINDOWS\SYSTEM32\MSVCR100.dll:MSVCR100.dll (0000000066050000), size: 860160 (result: 8), SymType: '-unknown-', PDB: '', fileVersion: 10.0.40219.325
C:\Program Files\Unity\Hub\Editor\2021.3.4f1\Editor\OpenRL_pthread.dll:OpenRL_pthread.dll (000001A29B3E0000), size: 61440 (result: 8), SymType: '-unknown-', PDB: '', fileVersion: 2.9.0.0
C:\WINDOWS\SYSTEM32\MSASN1.dll:MSASN1.dll (00007FFEC3790000), size: 73728 (result: 8), SymType: '-unknown-', PDB: '', fileVersion: 10.0.19041.546
C:\WINDOWS\SYSTEM32\kernel.appcore.dll:kernel.appcore.dll (00007FFEC2480000), size: 73728 (result: 8), SymType: '-unknown-', PDB: '', fileVersion: 10.0.19041.546
C:\WINDOWS\System32\bcryptPrimitives.dll:bcryptPrimitives.dll (00007FFEC3BA0000), size: 532480 (result: 8), SymType: '-unknown-', PDB: '', fileVersion: 10.0.19041.1415
C:\WINDOWS\system32\uxtheme.dll:uxtheme.dll (00007FFEC06D0000), size: 647168 (result: 8), SymType: '-unknown-', PDB: '', fileVersion: 10.0.19041.1620
C:\WINDOWS\System32\shcore.dll:shcore.dll (00007FFEC4D20000), size: 708608 (result: 8), SymType: '-unknown-', PDB: '', fileVersion: 10.0.19041.1645
C:\WINDOWS\SYSTEM32\windows.storage.dll:windows.storage.dll (00007FFEC0EA0000), size: 7946240 (result: 8), SymType: '-unknown-', PDB: '', fileVersion: 10.0.19041.1706
C:\WINDOWS\SYSTEM32\Wldp.dll:Wldp.dll (00007FFEC3600000), size: 180224 (result: 8), SymType: '-unknown-', PDB: '', fileVersion: 10.0.19041.1682
C:\WINDOWS\SYSTEM32\profapi.dll:profapi.dll (00007FFEC3AE0000), size: 126976 (result: 8), SymType: '-unknown-', PDB: '', fileVersion: 10.0.19041.844
C:\WINDOWS\system32\IconCodecService.dll:IconCodecService.dll (00007FFE9ED30000), size: 36864 (result: 8), SymType: '-unknown-', PDB: '', fileVersion: 10.0.19041.1
C:\WINDOWS\SYSTEM32\WindowsCodecs.dll:WindowsCodecs.dll (00007FFEBD0A0000), size: 1785856 (result: 8), SymType: '-unknown-', PDB: '', fileVersion: 10.0.19041.1706
C:\WINDOWS\System32\NSI.dll:NSI.dll (00007FFEC5250000), size: 32768 (result: 8), SymType: '-unknown-', PDB: '', fileVersion: 10.0.19041.610
C:\WINDOWS\SYSTEM32\dhcpcsvc6.DLL:dhcpcsvc6.DLL (00007FFEB53B0000), size: 94208 (result: 8), SymType: '-unknown-', PDB: '', fileVersion: 10.0.19041.546
C:\WINDOWS\SYSTEM32\dhcpcsvc.DLL:dhcpcsvc.DLL (00007FFEB5390000), size: 118784 (result: 8), SymType: '-unknown-', PDB: '', fileVersion: 10.0.19041.546
C:\WINDOWS\SYSTEM32\DNSAPI.dll:DNSAPI.dll (00007FFEC3040000), size: 831488 (result: 8), SymType: '-unknown-', PDB: '', fileVersion: 10.0.19041.1620
C:\Program Files\Bonjour\mdnsNSP.dll:mdnsNSP.dll (0000000066590000), size: 155648 (result: 0), SymType: '-deferred-', PDB: '', fileVersion: 3.0.0.10
C:\WINDOWS\System32\fwpuclnt.dll:fwpuclnt.dll (00007FFEB4330000), size: 524288 (result: 8), SymType: '-unknown-', PDB: '', fileVersion: 10.0.19041.1682

========== OUTPUTTING STACK TRACE ==================

SymInit: Symbol-SearchPath: 'C:/Program Files/Unity/Hub/Editor/2021.3.4f1/Editor/Data/Mono;.;D:\usuarios\alumno\documentos\GitHub\design2\MAPEADO;D:\usuarios\alumno\documentos\GitHub\design2\MAPEADO\Library\BurstCache\JIT;C:\Program Files\Unity\Hub\Editor\2021.3.4f1\Editor;C:\WINDOWS;C:\WINDOWS\system32;SRV*C:\websymbols*http://msdl.microsoft.com/download/symbols;', symOptions: 534, UserName: 'Alumno'
OS-Version: 10.0.0
  ERROR: SymGetSymFromAddr64, GetLastError: 'Se ha intentado tener acceso a una dirección no válida.' (Address: 00007FF6259F9A8A)
0x00007FF6259F9A8A (Unity) (function-name not available)
  ERROR: SymGetSymFromAddr64, GetLastError: 'Se ha intentado tener acceso a una dirección no válida.' (Address: 00007FF6259F4983)
0x00007FF6259F4983 (Unity) (function-name not available)
  ERROR: SymGetSymFromAddr64, GetLastError: 'Se ha intentado tener acceso a una dirección no válida.' (Address: 00007FF6259F37D6)
0x00007FF6259F37D6 (Unity) (function-name not available)
  ERROR: SymGetSymFromAddr64, GetLastError: 'Se ha intentado tener acceso a una dirección no válida.' (Address: 00007FF625A00C04)
0x00007FF625A00C04 (Unity) (function-name not available)
  ERROR: SymGetSymFromAddr64, GetLastError: 'Se ha intentado tener acceso a una dirección no válida.' (Address: 00007FF6259F3E24)
0x00007FF6259F3E24 (Unity) (function-name not available)
  ERROR: SymGetSymFromAddr64, GetLastError: 'Se ha intentado tener acceso a una dirección no válida.' (Address: 00007FF6259F30DD)
0x00007FF6259F30DD (Unity) (function-name not available)
  ERROR: SymGetSymFromAddr64, GetLastError: 'Se ha intentado tener acceso a una dirección no válida.' (Address: 00007FF625A0449B)
0x00007FF625A0449B (Unity) (function-name not available)
  ERROR: SymGetSymFromAddr64, GetLastError: 'Se ha intentado tener acceso a una dirección no válida.' (Address: 00007FF6259FD1CE)
0x00007FF6259FD1CE (Unity) (function-name not available)
  ERROR: SymGetSymFromAddr64, GetLastError: 'Se ha intentado tener acceso a una dirección no válida.' (Address: 00007FF625EFD8F6)
0x00007FF625EFD8F6 (Unity) (function-name not available)
  ERROR: SymGetSymFromAddr64, GetLastError: 'Se ha intentado tener acceso a una dirección no válida.' (Address: 00007FFEC5D87034)
0x00007FFEC5D87034 (KERNEL32) (function-name not available)
A crash has been intercepted by the crash handler. For call stack and other details, see the latest crash report generated in:
 * C:/Users/Alumno/AppData/Local/Temp/Unity/Editor/Crashes
0x00007FFEC64E2651 (ntdll) RtlUserThreadStart

========== END OF STACKTRACE ===========

A crash has been intercepted by the crash handler. For call stack and other details, see the latest crash report generated in:
 * C:/Users/Alumno/AppData/Local/Temp/Unity/Editor/Crashes
