Using pre-set license
Built from '2021.3/staging' branch; Version is '2021.3.4f1 (cb45f9cae8b7) revision 13321721'; Using compiler version '192829333'; Build Type 'Release'
OS: 'Windows 10  (10.0.19042) 64bit ProfessionalEducation' Language: 'es' Physical Memory: 4000 MB
BatchMode: 1, IsHumanControllingUs: 0, StartBugReporterOnCrash: 0, Is64bit: 1, IsPro: 1

COMMAND LINE ARGUMENTS:
C:\Program Files\Unity\Hub\Editor\2021.3.4f1\Editor\Unity.exe
-adb2
-batchMode
-noUpm
-name
AssetImportWorker388
-projectPath
D:/usuarios/alumno/documentos/GitHub/design2/MAPEADO
-logFile
Logs/AssetImportWorker388.log
-srvPort
59947
Successfully changed project path to: D:/usuarios/alumno/documentos/GitHub/design2/MAPEADO
D:/usuarios/alumno/documentos/GitHub/design2/MAPEADO
[UnityMemory] Configuration Parameters - Can be set up in boot.config
    "memorysetup-bucket-allocator-granularity=16"
    "memorysetup-bucket-allocator-bucket-count=8"
    "memorysetup-bucket-allocator-block-size=33554432"
    "memorysetup-bucket-allocator-block-count=8"
    "memorysetup-main-allocator-block-size=16777216"
    "memorysetup-thread-allocator-block-size=16777216"
    "memorysetup-gfx-main-allocator-block-size=16777216"
    "memorysetup-gfx-thread-allocator-block-size=16777216"
    "memorysetup-cache-allocator-block-size=4194304"
    "memorysetup-typetree-allocator-block-size=2097152"
    "memorysetup-profiler-bucket-allocator-granularity=16"
    "memorysetup-profiler-bucket-allocator-bucket-count=8"
    "memorysetup-profiler-bucket-allocator-block-size=33554432"
    "memorysetup-profiler-bucket-allocator-block-count=8"
    "memorysetup-profiler-allocator-block-size=16777216"
    "memorysetup-profiler-editor-allocator-block-size=1048576"
    "memorysetup-temp-allocator-size-main=16777216"
    "memorysetup-job-temp-allocator-block-size=2097152"
    "memorysetup-job-temp-allocator-block-size-background=1048576"
    "memorysetup-job-temp-allocator-reduction-small-platforms=262144"
    "memorysetup-temp-allocator-size-background-worker=32768"
    "memorysetup-temp-allocator-size-job-worker=262144"
    "memorysetup-temp-allocator-size-preload-manager=33554432"
    "memorysetup-temp-allocator-size-nav-mesh-worker=65536"
    "memorysetup-temp-allocator-size-audio-worker=65536"
    "memorysetup-temp-allocator-size-cloud-worker=32768"
    "memorysetup-temp-allocator-size-gi-baking-worker=262144"
    "memorysetup-temp-allocator-size-gfx=262144"
received signal from system: SIGSEGV
Obtained 24 stack frames
0x00007ff626170c3d (Unity) 
0x00007ff626177919 (Unity) 
0x00007ff6270e48b3 (Unity) 
0x00007ff626176956 (Unity) 
0x00007ff62617026c (Unity) 
0x00007ff628477962 (Unity) 
0x00007ff62853786c (Unity) 
0x00007ff628444020 (Unity) 
0x00007ffec653209f (ntdll) 
0x00007ffec64e1454 (ntdll) 
0x00007ffec6530bce (ntdll) 
0x00007ff6259f9a8a (Unity) 
0x00007ff6259f4983 (Unity) 
0x00007ff6259f37d6 (Unity) 
0x00007ff625a00c04 (Unity) 
0x00007ff6259f3e24 (Unity) 
0x00007ff6259f30dd (Unity) 
0x00007ff625c080d3 (Unity) 
0x00007ff625d4da86 (Unity) 
0x00007ff626c91e90 (Unity) 
0x00007ff6270eeff8 (Unity) 
0x00007ff6284218ee (Unity) 
0x00007ffec5d87034 (KERNEL32) 
0x00007ffec64e2651 (ntdll) 

