Using pre-set license
Built from '2021.3/staging' branch; Version is '2021.3.4f1 (cb45f9cae8b7) revision 13321721'; Using compiler version '192829333'; Build Type 'Release'
OS: 'Windows 10  (10.0.19042) 64bit ProfessionalEducation' Language: 'es' Physical Memory: 4000 MB
BatchMode: 1, IsHumanControllingUs: 0, StartBugReporterOnCrash: 0, Is64bit: 1, IsPro: 1

COMMAND LINE ARGUMENTS:
C:\Program Files\Unity\Hub\Editor\2021.3.4f1\Editor\Unity.exe
-adb2
-batchMode
-noUpm
-name
AssetImportWorker236
-projectPath
D:/usuarios/alumno/documentos/GitHub/design2/MAPEADO
-logFile
Logs/AssetImportWorker236.log
-srvPort
59947
Successfully changed project path to: D:/usuarios/alumno/documentos/GitHub/design2/MAPEADO
D:/usuarios/alumno/documentos/GitHub/design2/MAPEADO
[UnityMemory] Configuration Parameters - Can be set up in boot.config
    "memorysetup-bucket-allocator-granularity=16"
    "memorysetup-bucket-allocator-bucket-count=8"
    "memorysetup-bucket-allocator-block-size=33554432"
    "memorysetup-bucket-allocator-block-count=8"
    "memorysetup-main-allocator-block-size=16777216"
    "memorysetup-thread-allocator-block-size=16777216"
    "memorysetup-gfx-main-allocator-block-size=16777216"
    "memorysetup-gfx-thread-allocator-block-size=16777216"
    "memorysetup-cache-allocator-block-size=4194304"
    "memorysetup-typetree-allocator-block-size=2097152"
    "memorysetup-profiler-bucket-allocator-granularity=16"
    "memorysetup-profiler-bucket-allocator-bucket-count=8"
    "memorysetup-profiler-bucket-allocator-block-size=33554432"
    "memorysetup-profiler-bucket-allocator-block-count=8"
    "memorysetup-profiler-allocator-block-size=16777216"
    "memorysetup-profiler-editor-allocator-block-size=1048576"
    "memorysetup-temp-allocator-size-main=16777216"
    "memorysetup-job-temp-allocator-block-size=2097152"
    "memorysetup-job-temp-allocator-block-size-background=1048576"
    "memorysetup-job-temp-allocator-reduction-small-platforms=262144"
    "memorysetup-temp-allocator-size-background-worker=32768"
    "memorysetup-temp-allocator-size-job-worker=262144"
    "memorysetup-temp-allocator-size-preload-manager=33554432"
    "memorysetup-temp-allocator-size-nav-mesh-worker=65536"
    "memorysetup-temp-allocator-size-audio-worker=65536"
    "memorysetup-temp-allocator-size-cloud-worker=32768"
    "memorysetup-temp-allocator-size-gi-baking-worker=262144"
    "memorysetup-temp-allocator-size-gfx=262144"
mdb reader table full -> cleaning up stale readers. Current readers:
    pid     thread     txnid
      8136 2f98 -
      8136 1f30 -
      8136 1c6c -
      8136 bf0 -
     12164 2948 -
      2744 3900 -
     15200 3b64 -
     10236 35fc -
      4828 2c4c -
     11640 3bbc -
     14464 318c -
      4536 2e74 -
     11504 12ac -
     10880 2348 -
      1540 39a4 -
     10900 14cc -
     15860 3df8 -
     15816 3dcc -
     15800 3dbc -
     15876 3e08 -
     15892 3e18 -
     15784 3dac -
     11224 15c8 -
     12472 7b0 -
     14272 3b40 -
     15684 3d34 -
     15652 3084 -
     15672 3d28 -
      7976 3148 -
     15688 34a8 -
     13276 3030 -
     14504 393c -
      9208 104c -
     13132 2eb8 -
     11064 3230 -
      3364 3374 -
     10428 3328 -
     10592 ff0 -
     11252 3af0 -
     16012 3e88 -
      2488 347c -
     16024 524 -
     12680 36e8 -
     13144 213c -
     14432 3960 -
     10312 3e70 -
      2044 31ac -
     13160 28ec -
     16288 37b8 -
      2656 3bc0 -
     14812 d0c -
      5920 3fd0 -
     15524 3ca8 -
      2328 1620 -
     15556 3ab8 -
     14608 d00 -
     14872 f84 -
     16160 3f28 -
     12480 37a4 -
     14268 3cd8 -
      2388 2928 -
     14580 3d8c -
     13532 3944 -
     12980 34b0 -
     14696 3918 -
     14080 378c -
     12988 142c -
     14456 30fc -
     14528 1414 -
      9852 30d4 -
     16376 3b80 -
     14408 3ba8 -
      8756 2b88 -
      7588 23b8 -
      8348 3f60 -
     16900 4208 -
     16920 421c -
     16980 4258 -
     16964 4248 -
     16948 4238 1685
     16884 41f8 -
     15752 21a8 -
     13136 2330 -
      8128 415c -
     16232 3f6c -
     16612 3034 -
     16252 3f24 -
     13460 14e4 -
     11816 3410 -
     14316 3768 -
     12528 157c -
     15180 3cd4 -
      9628 3d10 -
     11632 311c -
      1748 1b08 -
      2088 392c -
     13188 2158 -
     15696 64 -
     14292 3758 -
     12740 434 -
     17144 42cc -
     17020 4298 -
     17372 4318 -
     13056 34b4 -
     11096 2120 -
     16308 1618 -
      5396 3a3c -
     12052 3744 -
     10736 401c -
     11684 de4 -
     14360 2abc -
     12460 31a0 -
     14132 2560 -
      7532 3524 -
      7240 3a24 -
     15144 32a0 -
     11456 18e0 -
      8960 37e4 -
     14004 371c -
      9348 3408 -
      5196 2b28 -
     14372 37e8 -
      5964 2ebc -
     12172 2998 -
     11568 3584 -
     10808 32dc -
Cleaned out 105 stale readers
Refreshing native plugins compatible for Editor in 2411.08 ms, found 3 plugins.
Preloading 0 native plugins for Editor in 0.00 ms.
Initialize engine version: 2021.3.4f1 (cb45f9cae8b7)
[Subsystems] Discovering subsystems at path C:/Program Files/Unity/Hub/Editor/2021.3.4f1/Editor/Data/Resources/UnitySubsystems
[Subsystems] Discovering subsystems at path D:/usuarios/alumno/documentos/GitHub/design2/MAPEADO/Assets
GfxDevice: creating device client; threaded=0; jobified=0
Direct3D:
    Version:  Direct3D 11.0 [level 11.1]
    Renderer: Intel(R) HD Graphics (ID=0x22b1)
    Vendor:   Intel
    VRAM:     2000 MB
    Driver:   20.19.15.5166
