Using pre-set license
Built from '2021.3/staging' branch; Version is '2021.3.4f1 (cb45f9cae8b7) revision 13321721'; Using compiler version '192829333'; Build Type 'Release'
OS: 'Windows 10  (10.0.19042) 64bit ProfessionalEducation' Language: 'es' Physical Memory: 4000 MB
BatchMode: 1, IsHumanControllingUs: 0, StartBugReporterOnCrash: 0, Is64bit: 1, IsPro: 1

COMMAND LINE ARGUMENTS:
C:\Program Files\Unity\Hub\Editor\2021.3.4f1\Editor\Unity.exe
-adb2
-batchMode
-noUpm
-name
AssetImportWorker1241
-projectPath
D:/usuarios/alumno/documentos/GitHub/design2/MAPEADO
-logFile
Logs/AssetImportWorker1241.log
-srvPort
59947
Successfully changed project path to: D:/usuarios/alumno/documentos/GitHub/design2/MAPEADO
D:/usuarios/alumno/documentos/GitHub/design2/MAPEADO
[UnityMemory] Configuration Parameters - Can be set up in boot.config
    "memorysetup-bucket-allocator-granularity=16"
    "memorysetup-bucket-allocator-bucket-count=8"
    "memorysetup-bucket-allocator-block-size=33554432"
    "memorysetup-bucket-allocator-block-count=8"
    "memorysetup-main-allocator-block-size=16777216"
    "memorysetup-thread-allocator-block-size=16777216"
    "memorysetup-gfx-main-allocator-block-size=16777216"
    "memorysetup-gfx-thread-allocator-block-size=16777216"
    "memorysetup-cache-allocator-block-size=4194304"
    "memorysetup-typetree-allocator-block-size=2097152"
    "memorysetup-profiler-bucket-allocator-granularity=16"
    "memorysetup-profiler-bucket-allocator-bucket-count=8"
    "memorysetup-profiler-bucket-allocator-block-size=33554432"
    "memorysetup-profiler-bucket-allocator-block-count=8"
    "memorysetup-profiler-allocator-block-size=16777216"
    "memorysetup-profiler-editor-allocator-block-size=1048576"
    "memorysetup-temp-allocator-size-main=16777216"
    "memorysetup-job-temp-allocator-block-size=2097152"
    "memorysetup-job-temp-allocator-block-size-background=1048576"
    "memorysetup-job-temp-allocator-reduction-small-platforms=262144"
    "memorysetup-temp-allocator-size-background-worker=32768"
    "memorysetup-temp-allocator-size-job-worker=262144"
    "memorysetup-temp-allocator-size-preload-manager=33554432"
    "memorysetup-temp-allocator-size-nav-mesh-worker=65536"
    "memorysetup-temp-allocator-size-audio-worker=65536"
    "memorysetup-temp-allocator-size-cloud-worker=32768"
    "memorysetup-temp-allocator-size-gi-baking-worker=262144"
    "memorysetup-temp-allocator-size-gfx=262144"
mdb reader table full -> cleaning up stale readers. Current readers:
    pid     thread     txnid
      8136 2f98 -
     24732 c0c -
     30544 7ba0 -
     27688 6e18 -
     25632 649c -
     16228 75c0 -
     29808 6ab4 -
     24928 7088 -
     30380 1034 -
     27100 5788 -
     19564 610c -
     28056 7580 -
     31300 7724 -
       284 5b88 -
     26592 2e8c -
     30432 6e00 -
     32548 7f28 -
     32616 7f6c -
     32564 7f38 -
     32728 7fdc -
     30736 6c1c -
     32584 7f4c -
     29584 626c -
     32412 7ea4 -
     32416 7e98 -
     24084 63f0 -
     30828 7a3c -
     32448 7eb4 -
     23196 6d34 -
     27552 3830 -
     29876 7048 -
      1800 5f4c -
     20548 29a4 -
     26784 5d60 -
     28844 5244 -
     30900 77e0 -
     30644 6db0 -
     27412 4310 -
     27828 7778 -
     31380 756c -
     31228 785c -
     28176 73f8 -
     14792 19c -
     30936 72f0 -
     28408 6b30 -
     32064 7ee4 -
     31812 7c14 -
     32604 6f44 -
     31160 5c54 -
     11608 653c -
     24076 73e8 -
     32072 7d50 -
     32664 7f7c -
      5168 72a8 -
      2476 6a48 -
     32120 7d7c -
     29000 48d0 -
     28036 6bec -
     24488 7974 -
     25576 6ee0 -
     28992 5c9c -
     25596 750c -
     29840 e70 -
     32464 5114 -
      5540 7758 -
     32184 15e0 -
     28104 7af0 -
     29156 71cc -
     30176 77fc -
     31400 79a4 -
     20568 5ae4 -
     32040 7adc -
     29380 78cc -
      2720 79b4 -
     32228 6580 -
     32696 6ed8 -
     31384 5fe0 -
     29988 413c -
     21764 64e4 -
     26628 7dd4 -
     27428 795c -
     27480 5f20 -
     31036 7168 -
     26804 6f0c -
     31004 7920 -
     30024 6d7c -
     32116 7dc0 -
     31448 7030 -
     30948 15d8 -
     20012 68dc -
     23528 4998 -
     27612 6890 -
     28344 4d5c -
     29992 68b0 -
      1648 434c -
     32320 76b8 -
     27508 66a4 -
     31268 7948 -
     27076 7784 -
     27352 3cf8 -
     28140 6f08 -
     31708 7be0 -
     30908 538c -
     24932 5508 -
     30768 7820 -
     28904 6134 -
      3828 63ec -
     31680 7914 -
     30872 431c -
     31676 7bb4 -
     24304 7328 -
     33476 82c8 -
     33460 82b8 -
     33568 8324 -
     33552 8314 -
     33532 8300 -
     33508 82e8 -
     30648 798c -
     31316 74e0 -
     33316 806c -
     33172 818c -
     23348 7fd0 -
     33336 8234 -
      2172 64c0 -
     25892 6c08 10329
     27156 7e10 10328
Cleaned out 116 stale readers
