Using pre-set license
Built from '2021.3/staging' branch; Version is '2021.3.4f1 (cb45f9cae8b7) revision 13321721'; Using compiler version '192829333'; Build Type 'Release'
OS: 'Windows 10  (10.0.19042) 64bit ProfessionalEducation' Language: 'es' Physical Memory: 4000 MB
BatchMode: 1, IsHumanControllingUs: 0, StartBugReporterOnCrash: 0, Is64bit: 1, IsPro: 1

COMMAND LINE ARGUMENTS:
C:\Program Files\Unity\Hub\Editor\2021.3.4f1\Editor\Unity.exe
-adb2
-batchMode
-noUpm
-name
AssetImportWorker1450
-projectPath
D:/usuarios/alumno/documentos/GitHub/design2/MAPEADO
-logFile
Logs/AssetImportWorker1450.log
-srvPort
59947
Successfully changed project path to: D:/usuarios/alumno/documentos/GitHub/design2/MAPEADO
D:/usuarios/alumno/documentos/GitHub/design2/MAPEADO
[UnityMemory] Configuration Parameters - Can be set up in boot.config
    "memorysetup-bucket-allocator-granularity=16"
    "memorysetup-bucket-allocator-bucket-count=8"
    "memorysetup-bucket-allocator-block-size=33554432"
    "memorysetup-bucket-allocator-block-count=8"
    "memorysetup-main-allocator-block-size=16777216"
    "memorysetup-thread-allocator-block-size=16777216"
    "memorysetup-gfx-main-allocator-block-size=16777216"
    "memorysetup-gfx-thread-allocator-block-size=16777216"
    "memorysetup-cache-allocator-block-size=4194304"
    "memorysetup-typetree-allocator-block-size=2097152"
    "memorysetup-profiler-bucket-allocator-granularity=16"
    "memorysetup-profiler-bucket-allocator-bucket-count=8"
    "memorysetup-profiler-bucket-allocator-block-size=33554432"
    "memorysetup-profiler-bucket-allocator-block-count=8"
    "memorysetup-profiler-allocator-block-size=16777216"
    "memorysetup-profiler-editor-allocator-block-size=1048576"
    "memorysetup-temp-allocator-size-main=16777216"
    "memorysetup-job-temp-allocator-block-size=2097152"
    "memorysetup-job-temp-allocator-block-size-background=1048576"
    "memorysetup-job-temp-allocator-reduction-small-platforms=262144"
    "memorysetup-temp-allocator-size-background-worker=32768"
    "memorysetup-temp-allocator-size-job-worker=262144"
    "memorysetup-temp-allocator-size-preload-manager=33554432"
    "memorysetup-temp-allocator-size-nav-mesh-worker=65536"
    "memorysetup-temp-allocator-size-audio-worker=65536"
    "memorysetup-temp-allocator-size-cloud-worker=32768"
    "memorysetup-temp-allocator-size-gi-baking-worker=262144"
    "memorysetup-temp-allocator-size-gfx=262144"
mdb reader table full -> cleaning up stale readers. Current readers:
    pid     thread     txnid
      8136 2f98 -
     30084 6324 -
      8136 1c6c -
      8136 bf0 -
      2476 6a48 -
     32120 7d7c -
     29000 48d0 -
     28036 6bec -
     24488 7974 -
     25576 6ee0 -
     25596 750c -
     28992 5c9c -
     29840 e70 -
     32464 5114 -
      5540 7758 -
     32184 15e0 -
     28104 7af0 -
     29156 71cc -
     30176 77fc -
     31400 79a4 -
     20568 5ae4 -
     32040 7adc -
     29380 78cc -
      2720 79b4 -
     32228 6580 -
     32696 6ed8 -
     31384 5fe0 -
     29988 413c -
     21764 64e4 -
     26628 7dd4 -
     27428 795c -
     31036 7168 -
     26804 6f0c -
     30024 6d7c -
     32116 7dc0 -
     31448 7030 -
     30948 15d8 -
     32320 76b8 -
     30908 538c -
     33476 82c8 -
     33460 82b8 -
     33568 8324 -
     33552 8314 -
     33532 8300 -
     33508 82e8 -
     30648 798c -
     31316 74e0 -
     33316 806c -
     23348 7fd0 -
     33172 818c -
     33336 8234 -
      2172 64c0 -
     25892 6c08 -
     27156 7e10 -
     21156 7b0c 2688
     32256 7e04 2688
     28264 6c94 2688
     27572 61d8 -
     32456 667c -
     18408 7cf0 -
     29616 7464 -
     31108 6b44 -
     26172 71c0 -
     32668 7c80 -
     31900 3de8 -
     28516 3fe8 -
     33136 6e74 -
     22244 556c -
     27704 7b90 -
     26248 8270 -
     28936 6694 2725
     26132 6810 -
     28648 64bc 2727
     25412 833c -
     31232 2b44 -
     31644 7870 -
     33680 8330 -
     23620 83e8 -
     31964 778c -
     27568 7478 -
     30212 8034 -
      8200 7a84 -
     23232 7060 -
      7204 821c -
     33416 7350 -
     33396 7ae8 -
     25256 7dbc 2743
     12464 5270 2743
     23856 8114 -
     30052 81c0 -
     28800 69d4 -
      9844 8014 -
     33728 5c58 -
     30568 7e64 -
     12044 7208 -
      7596 66f4 -
     16300 6e44 -
     34208 85a4 -
     34176 8584 -
     34712 879c -
     30900 77e0 -
     30644 6db0 -
     27412 4310 -
     27828 7778 -
     31380 756c -
     31228 785c -
     34776 87dc -
     35328 89f4 2806
     34604 878c 2806
     35212 88e4 -
      8136 8b40 -
     28176 73f8 -
     35424 8a54 -
     34528 8bf0 -
     14792 19c -
     30936 72f0 -
     28408 6b30 -
     32064 7ee4 -
     31812 7c14 -
     32604 6f44 -
     31160 5c54 -
     11608 653c -
     24076 73e8 -
     32072 7d50 -
     32664 7f7c -
      5168 72a8 -
Cleaned out 119 stale readers
