Using pre-set license
Built from '2021.3/staging' branch; Version is '2021.3.4f1 (cb45f9cae8b7) revision 13321721'; Using compiler version '192829333'; Build Type 'Release'
OS: 'Windows 10  (10.0.19042) 64bit ProfessionalEducation' Language: 'es' Physical Memory: 4000 MB
BatchMode: 1, IsHumanControllingUs: 0, StartBugReporterOnCrash: 0, Is64bit: 1, IsPro: 1

COMMAND LINE ARGUMENTS:
C:\Program Files\Unity\Hub\Editor\2021.3.4f1\Editor\Unity.exe
-adb2
-batchMode
-noUpm
-name
AssetImportWorker1189
-projectPath
D:/usuarios/alumno/documentos/GitHub/design2/MAPEADO
-logFile
Logs/AssetImportWorker1189.log
-srvPort
59947
Successfully changed project path to: D:/usuarios/alumno/documentos/GitHub/design2/MAPEADO
D:/usuarios/alumno/documentos/GitHub/design2/MAPEADO
[UnityMemory] Configuration Parameters - Can be set up in boot.config
    "memorysetup-bucket-allocator-granularity=16"
    "memorysetup-bucket-allocator-bucket-count=8"
    "memorysetup-bucket-allocator-block-size=33554432"
    "memorysetup-bucket-allocator-block-count=8"
    "memorysetup-main-allocator-block-size=16777216"
    "memorysetup-thread-allocator-block-size=16777216"
    "memorysetup-gfx-main-allocator-block-size=16777216"
    "memorysetup-gfx-thread-allocator-block-size=16777216"
    "memorysetup-cache-allocator-block-size=4194304"
    "memorysetup-typetree-allocator-block-size=2097152"
    "memorysetup-profiler-bucket-allocator-granularity=16"
    "memorysetup-profiler-bucket-allocator-bucket-count=8"
    "memorysetup-profiler-bucket-allocator-block-size=33554432"
    "memorysetup-profiler-bucket-allocator-block-count=8"
    "memorysetup-profiler-allocator-block-size=16777216"
    "memorysetup-profiler-editor-allocator-block-size=1048576"
    "memorysetup-temp-allocator-size-main=16777216"
    "memorysetup-job-temp-allocator-block-size=2097152"
    "memorysetup-job-temp-allocator-block-size-background=1048576"
    "memorysetup-job-temp-allocator-reduction-small-platforms=262144"
    "memorysetup-temp-allocator-size-background-worker=32768"
    "memorysetup-temp-allocator-size-job-worker=262144"
    "memorysetup-temp-allocator-size-preload-manager=33554432"
    "memorysetup-temp-allocator-size-nav-mesh-worker=65536"
    "memorysetup-temp-allocator-size-audio-worker=65536"
    "memorysetup-temp-allocator-size-cloud-worker=32768"
    "memorysetup-temp-allocator-size-gi-baking-worker=262144"
    "memorysetup-temp-allocator-size-gfx=262144"
mdb reader table full -> cleaning up stale readers. Current readers:
    pid     thread     txnid
      8136 2f98 -
      8136 1f30 -
      8136 1c6c -
      8136 bf0 -
     31252 7a18 -
     28796 5828 -
     20556 6fd0 -
     28416 7194 -
     29936 5050 -
     29588 4018 -
     30436 1544 -
     27948 6294 -
     23720 74c8 -
     28240 6c70 -
     15096 733c -
     30224 4cbc -
     18956 7070 -
     24868 7300 2556
     27480 5f20 -
     25184 5e20 2556
     28064 5084 -
     31004 7920 -
     31032 7944 2561
     23924 78ac -
      8120 7728 -
     30972 7904 -
     20012 68dc -
     23528 4998 -
     27612 6890 -
     28344 4d5c -
     29992 68b0 -
      1648 434c -
     27508 66a4 -
     25912 37dc -
     31268 7948 -
     27076 7784 -
     27352 3cf8 -
     28140 6f08 -
     31708 7be0 -
     24932 5508 -
     30768 7820 -
      3828 63ec -
     28904 6134 -
     31680 7914 -
     30872 431c -
     31676 7bb4 -
     24304 7328 -
     24732 c0c -
     30544 7ba0 -
     27688 6e18 -
     25632 649c -
     16228 75c0 -
     29808 6ab4 -
     24928 7088 -
     30380 1034 -
     27100 5788 -
     19564 610c -
     28056 7580 -
     31300 7724 -
       284 5b88 -
     26592 2e8c -
     30432 6e00 -
     32548 7f28 -
     32616 7f6c -
     32564 7f38 -
     32728 7fdc -
     30736 6c1c -
     32584 7f4c -
     29584 626c -
     32412 7ea4 -
     32416 7e98 -
     24084 63f0 -
     30828 7a3c -
     32448 7eb4 -
     23196 6d34 -
     27552 3830 -
     29876 7048 -
     30608 7798 -
     29956 7518 -
     30628 77a8 -
     24164 1534 -
      1800 5f4c -
     20548 29a4 -
     26784 5d60 -
     28016 6d50 -
     27168 6c20 -
     28380 6684 -
     27744 5d4c -
     27644 34f8 -
     21912 6eb4 -
     28592 6bd4 -
     27752 7498 -
     25932 7134 -
     28844 5244 -
     29212 7590 -
     29080 73c0 -
     28628 2e84 -
     27140 7318 -
     20416 136c -
      5280 46e0 -
     30900 77e0 -
     30644 6db0 -
     27412 4310 -
     27828 7778 -
     31380 756c -
     31228 785c -
     27180 6380 -
     18696 4fe0 -
     31236 7a08 -
     31276 7a30 -
     31204 79e8 -
     28176 73f8 -
     31348 7a78 -
     31332 7a68 -
     14792 19c -
     30936 72f0 -
     28408 6b30 -
     32064 7ee4 -
     31812 7c14 -
     32604 6f44 -
     31160 5c54 -
     11608 653c -
     24076 73e8 -
     32072 7d50 -
     32664 7f7c -
      5168 72a8 2636
Cleaned out 103 stale readers
Refreshing native plugins compatible for Editor in 3146.12 ms, found 3 plugins.
Preloading 0 native plugins for Editor in 0.00 ms.
Initialize engine version: 2021.3.4f1 (cb45f9cae8b7)
[Subsystems] Discovering subsystems at path C:/Program Files/Unity/Hub/Editor/2021.3.4f1/Editor/Data/Resources/UnitySubsystems
[Subsystems] Discovering subsystems at path D:/usuarios/alumno/documentos/GitHub/design2/MAPEADO/Assets
GfxDevice: creating device client; threaded=0; jobified=0
Direct3D:
    Version:  Direct3D 11.0 [level 11.1]
    Renderer: Intel(R) HD Graphics (ID=0x22b1)
    Vendor:   Intel
    VRAM:     2000 MB
    Driver:   20.19.15.5166
Initialize mono
Mono path[0] = 'C:/Program Files/Unity/Hub/Editor/2021.3.4f1/Editor/Data/Managed'
Mono path[1] = 'C:/Program Files/Unity/Hub/Editor/2021.3.4f1/Editor/Data/MonoBleedingEdge/lib/mono/unityjit-win32'
Mono config path = 'C:/Program Files/Unity/Hub/Editor/2021.3.4f1/Editor/Data/MonoBleedingEdge/etc'
Using monoOptions --debugger-agent=transport=dt_socket,embedding=1,server=y,suspend=n,address=127.0.0.1:56476
Begin MonoManager ReloadAssembly
