Using pre-set license
Built from '2021.3/staging' branch; Version is '2021.3.4f1 (cb45f9cae8b7) revision 13321721'; Using compiler version '192829333'; Build Type 'Release'
OS: 'Windows 10  (10.0.19042) 64bit ProfessionalEducation' Language: 'es' Physical Memory: 4000 MB
BatchMode: 1, IsHumanControllingUs: 0, StartBugReporterOnCrash: 0, Is64bit: 1, IsPro: 1

COMMAND LINE ARGUMENTS:
C:\Program Files\Unity\Hub\Editor\2021.3.4f1\Editor\Unity.exe
-adb2
-batchMode
-noUpm
-name
AssetImportWorker1144
-projectPath
D:/usuarios/alumno/documentos/GitHub/design2/MAPEADO
-logFile
Logs/AssetImportWorker1144.log
-srvPort
59947
Successfully changed project path to: D:/usuarios/alumno/documentos/GitHub/design2/MAPEADO
D:/usuarios/alumno/documentos/GitHub/design2/MAPEADO
[UnityMemory] Configuration Parameters - Can be set up in boot.config
    "memorysetup-bucket-allocator-granularity=16"
    "memorysetup-bucket-allocator-bucket-count=8"
    "memorysetup-bucket-allocator-block-size=33554432"
    "memorysetup-bucket-allocator-block-count=8"
    "memorysetup-main-allocator-block-size=16777216"
    "memorysetup-thread-allocator-block-size=16777216"
    "memorysetup-gfx-main-allocator-block-size=16777216"
    "memorysetup-gfx-thread-allocator-block-size=16777216"
    "memorysetup-cache-allocator-block-size=4194304"
    "memorysetup-typetree-allocator-block-size=2097152"
    "memorysetup-profiler-bucket-allocator-granularity=16"
    "memorysetup-profiler-bucket-allocator-bucket-count=8"
    "memorysetup-profiler-bucket-allocator-block-size=33554432"
    "memorysetup-profiler-bucket-allocator-block-count=8"
    "memorysetup-profiler-allocator-block-size=16777216"
    "memorysetup-profiler-editor-allocator-block-size=1048576"
    "memorysetup-temp-allocator-size-main=16777216"
    "memorysetup-job-temp-allocator-block-size=2097152"
    "memorysetup-job-temp-allocator-block-size-background=1048576"
    "memorysetup-job-temp-allocator-reduction-small-platforms=262144"
    "memorysetup-temp-allocator-size-background-worker=32768"
    "memorysetup-temp-allocator-size-job-worker=262144"
    "memorysetup-temp-allocator-size-preload-manager=33554432"
    "memorysetup-temp-allocator-size-nav-mesh-worker=65536"
    "memorysetup-temp-allocator-size-audio-worker=65536"
    "memorysetup-temp-allocator-size-cloud-worker=32768"
    "memorysetup-temp-allocator-size-gi-baking-worker=262144"
    "memorysetup-temp-allocator-size-gfx=262144"
Refreshing native plugins compatible for Editor in 3344.55 ms, found 3 plugins.
Preloading 0 native plugins for Editor in 0.00 ms.
Initialize engine version: 2021.3.4f1 (cb45f9cae8b7)
[Subsystems] Discovering subsystems at path C:/Program Files/Unity/Hub/Editor/2021.3.4f1/Editor/Data/Resources/UnitySubsystems
[Subsystems] Discovering subsystems at path D:/usuarios/alumno/documentos/GitHub/design2/MAPEADO/Assets
GfxDevice: creating device client; threaded=0; jobified=0
Direct3D:
    Version:  Direct3D 11.0 [level 11.1]
    Renderer: Intel(R) HD Graphics (ID=0x22b1)
    Vendor:   Intel
    VRAM:     2000 MB
    Driver:   20.19.15.5166
d3d11: failed to create 2D texture id=11 width=4 height=4 mips=1 dxgifmt=28 [D3D error was 887a0005]
d3d11: failed to create 2D texture shader resource view id=11 [D3D error was 80070057]
d3d11: Failed to create 2D texture in GfxDeviceD3D11
d3d11: failed to create 2D texture id=12 width=4 height=4 mips=1 dxgifmt=28 [D3D error was 887a0005]
d3d11: failed to create 2D texture shader resource view id=12 [D3D error was 80070057]
d3d11: Failed to create 2D texture in GfxDeviceD3D11
d3d11: failed to create 2D texture id=13 width=4 height=4 mips=1 dxgifmt=28 [D3D error was 887a0005]
d3d11: failed to create 2D texture shader resource view id=13 [D3D error was 80070057]
d3d11: Failed to create 2D texture in GfxDeviceD3D11
d3d11: failed to create 2D texture id=14 width=16 height=16 mips=1 dxgifmt=28 [D3D error was 887a0005]
d3d11: failed to create 2D texture shader resource view id=14 [D3D error was 80070057]
d3d11: Failed to create 2D texture in GfxDeviceD3D11
d3d11: failed to create 2D texture id=15 width=4 height=4 mips=3 dxgifmt=28 [D3D error was 887a0005]
d3d11: failed to create 2D texture shader resource view id=15 [D3D error was 80070057]
d3d11: Failed to create 2D texture in GfxDeviceD3D11
d3d11: failed to create 2D texture id=16 width=4 height=4 mips=1 dxgifmt=28 [D3D error was 887a0005]
d3d11: failed to create 2D texture shader resource view id=16 [D3D error was 80070057]
d3d11: Failed to create 2D texture in GfxDeviceD3D11
d3d11: failed to create 2D texture id=17 width=4 height=4 mips=1 dxgifmt=28 [D3D error was 887a0005]
d3d11: failed to create 2D texture shader resource view id=17 [D3D error was 80070057]
d3d11: Failed to create 2D texture in GfxDeviceD3D11
d3d11: failed to create 2D texture id=18 width=256 height=2 mips=1 dxgifmt=28 [D3D error was 887a0005]
d3d11: failed to create 2D texture shader resource view id=18 [D3D error was 80070057]
d3d11: Failed to create 2D texture in GfxDeviceD3D11
d3d11: failed to create 2D texture id=19 width=64 height=64 mips=1 dxgifmt=65 [D3D error was 887a0005]
d3d11: failed to create 2D texture shader resource view id=19 [D3D error was 80070057]
d3d11: Failed to create 2D texture in GfxDeviceD3D11
d3d11: failed to create 2D texture id=20 width=1024 height=1 mips=1 dxgifmt=56 [D3D error was 887a0005]
d3d11: failed to create 2D texture shader resource view id=20 [D3D error was 80070057]
d3d11: Failed to create 2D texture in GfxDeviceD3D11
d3d11: failed to create Cube texture id=21 width=1 height=1 mips=1 dxgifmt=28 [D3D error was 887a0005]
d3d11: failed to create Cube texture shader resource view id=21 [D3D error was 80070057]
failed to create cubemap
d3d11: failed to create 2D texture id=22 width=16 height=16 mips=1 dxgifmt=28 [D3D error was 887a0005]
d3d11: failed to create 2D texture shader resource view id=22 [D3D error was 80070057]
d3d11: Failed to create 2D texture in GfxDeviceD3D11
d3d11: failed to create 3D texture id=23 s=1x1x1 mips=1 d3dfmt=28 [887a0005]
d3d11: failed to create 3D texture view id=23 [80070057]
failed to create 3D texture
d3d11: failed to create 2DArray texture id=24 s=1x1x1 mips=1 d3dfmt=28 [887a0005]
d3d11: failed to create 2DArray texture view id=24 [80070057]
failed to create 2DArray texture
d3d11: failed to create cubemap array texture id=25 s=1x1x1 mips=1 d3dfmt=28 [887a0005]
d3d11: failed to create CubemapArray texture view id=25 [80070057]
failed to create CubemapArray texture
d3d11: failed to create Cube texture id=26 width=1 height=1 mips=1 dxgifmt=28 [D3D error was 887a0005]
d3d11: failed to create Cube texture shader resource view id=26 [D3D error was 80070057]
failed to create cubemap
d3d11: failed to create 2D texture id=27 width=4 height=4 mips=1 dxgifmt=65 [D3D error was 887a0005]
d3d11: failed to create 2D texture shader resource view id=27 [D3D error was 80070057]
d3d11: Failed to create 2D texture in GfxDeviceD3D11
d3d11: failed to create 3D texture id=29 s=4x4x16 mips=1 d3dfmt=65 [887a0005]
d3d11: failed to create 3D texture view id=29 [80070057]
failed to create 3D texture
d3d11: failed to create 2D texture id=28 width=4 height=64 mips=1 dxgifmt=65 [D3D error was 887a0005]
d3d11: failed to create 2D texture shader resource view id=28 [D3D error was 80070057]
d3d11: Failed to create 2D texture in GfxDeviceD3D11
d3d11: failed to create 2D texture id=30 width=256 height=64 mips=1 dxgifmt=56 [D3D error was 887a0005]
d3d11: failed to create 2D texture shader resource view id=30 [D3D error was 80070057]
d3d11: Failed to create 2D texture in GfxDeviceD3D11
Assertion failed on expression: 'SUCCEEDED(hr)'
Assertion failed on expression: 'SUCCEEDED(hr)'
Assertion failed on expression: 'SUCCEEDED(hr)'
Assertion failed on expression: 'SUCCEEDED(hr)'
Assertion failed on expression: 'SUCCEEDED(hr)'
Assertion failed on expression: 'SUCCEEDED(hr)'
Assertion failed on expression: 'SUCCEEDED(hr)'
Assertion failed on expression: 'SUCCEEDED(hr)'
Assertion failed on expression: 'SUCCEEDED(hr)'
Assertion failed on expression: 'SUCCEEDED(hr)'
Assertion failed on expression: 'SUCCEEDED(hr)'
Assertion failed on expression: 'SUCCEEDED(hr)'
received signal from system: SIGSEGV
Obtained 44 stack frames
0x00007ff626170c3d (Unity) StackWalker::GetCurrentCallstack
0x00007ff626177919 (Unity) StackWalker::ShowCallstack
0x00007ff6270e48b3 (Unity) GetStacktrace
0x00007ff626176956 (Unity) winutils::PrintStackTrace
0x00007ff62617026c (Unity) winutils::CrashHandler::DefaultSignalHandler
0x00007ff628477962 (Unity) seh_filter_exe
0x00007ff62853786c (Unity) `__scrt_common_main_seh'::`1'::filt$0
0x00007ff628444020 (Unity) _C_specific_handler
0x00007ffec653209f (ntdll) _chkstk
0x00007ffec64e1454 (ntdll) RtlRaiseException
0x00007ffec6530bce (ntdll) KiUserExceptionDispatcher
0x00007ff6259f49e6 (Unity) DynamicHeapAllocator::CreateTLSFBlock
0x00007ff6259f37d6 (Unity) DynamicHeapAllocator::Allocate
0x00007ff625a00c04 (Unity) DualThreadAllocator<DynamicHeapAllocator>::Allocate
0x00007ff6259f3e24 (Unity) MemoryManager::Allocate
0x00007ff6259fe69e (Unity) malloc_internal
0x00007ff6253f8b87 (Unity) core::StringStorageDefault<char>::grow
0x00007ff6253f74aa (Unity) core::StringStorageDefault<char>::assign
0x00007ff6277f2cfb (Unity) ShaderSnippet::operator=
0x00007ff6277f32e1 (Unity) ShaderCompilationInfo::AddSnippetFromOther
0x00007ff6277f35e9 (Unity) ShaderCompilationInfo::AddSnippetsFromShader
0x00007ff625e80ee3 (Unity) ShaderLab::IntShader::ResolveFallback
0x00007ff625decbcf (Unity) ShaderFromSerializedShaderMainThread
0x00007ff6277e08f0 (Unity) Shader::CreateFromParsedForm
0x00007ff6277dfa5b (Unity) Shader::AwakeFromLoad
0x00007ff62614b07f (Unity) AwakeFromLoadQueue::InvokePersistentManagerAwake
0x00007ff62614baec (Unity) AwakeFromLoadQueue::PersistentManagerAwakeFromLoad
0x00007ff62614bc53 (Unity) AwakeFromLoadQueue::PersistentManagerAwakeFromLoad
0x00007ff62611e412 (Unity) PersistentManager::IntegrateAllThreadedObjects
0x00007ff62611eea0 (Unity) PersistentManager::LoadAndIntegrateAllPreallocatedObjects
0x00007ff626122df2 (Unity) PersistentManager::ReadObject
0x00007ff625e6294c (Unity) ShaderVariantCollection::AwakeFromLoad
0x00007ff62614b07f (Unity) AwakeFromLoadQueue::InvokePersistentManagerAwake
0x00007ff62614baec (Unity) AwakeFromLoadQueue::PersistentManagerAwakeFromLoad
0x00007ff62614bc53 (Unity) AwakeFromLoadQueue::PersistentManagerAwakeFromLoad
0x00007ff62611e412 (Unity) PersistentManager::IntegrateAllThreadedObjects
0x00007ff62611f00f (Unity) PersistentManager::LoadFileCompletely
0x00007ff626b5fea5 (Unity) InitializeShaderCompilationManager
0x00007ff625d4d7b8 (Unity) InitializeEngineGraphics
0x00007ff626c92e6f (Unity) Application::InitializeProject
0x00007ff6270eeff8 (Unity) WinMain
0x00007ff6284218ee (Unity) __scrt_common_main_seh
0x00007ffec5d87034 (KERNEL32) BaseThreadInitThunk
0x00007ffec64e2651 (ntdll) RtlUserThreadStart

Crash!!!
SymInit: Symbol-SearchPath: '.;D:\usuarios\alumno\documentos\GitHub\design2\MAPEADO;D:\usuarios\alumno\documentos\GitHub\design2\MAPEADO\Library\BurstCache\JIT;C:\Program Files\Unity\Hub\Editor\2021.3.4f1\Editor;C:\WINDOWS;C:\WINDOWS\system32;SRV*C:\websymbols*http://msdl.microsoft.com/download/symbols;', symOptions: 534, UserName: 'Alumno'
OS-Version: 10.0.0
C:\Program Files\Unity\Hub\Editor\2021.3.4f1\Editor\Unity.exe:Unity.exe (00007FF625130000), size: 73408512 (result: 0), SymType: 'PDB', PDB: 'C:\Program Files\Unity\Hub\Editor\2021.3.4f1\Editor\Unity_x64.pdb', fileVersion: 2021.3.4.17913
C:\WINDOWS\SYSTEM32\ntdll.dll:ntdll.dll (00007FFEC6490000), size: 2052096 (result: 0), SymType: '-exported-', PDB: 'C:\WINDOWS\SYSTEM32\ntdll.dll', fileVersion: 10.0.19041.1682
C:\WINDOWS\System32\KERNEL32.DLL:KERNEL32.DLL (00007FFEC5D70000), size: 774144 (result: 0), SymType: '-exported-', PDB: 'C:\WINDOWS\System32\KERNEL32.DLL', fileVersion: 10.0.19041.1706
C:\WINDOWS\System32\KERNELBASE.dll:KERNELBASE.dll (00007FFEC4210000), size: 2936832 (result: 0), SymType: '-exported-', PDB: 'C:\WINDOWS\System32\KERNELBASE.dll', fileVersion: 10.0.19041.1706
C:\WINDOWS\System32\CRYPT32.dll:CRYPT32.dll (00007FFEC3C30000), size: 1400832 (result: 0), SymType: '-exported-', PDB: 'C:\WINDOWS\System32\CRYPT32.dll', fileVersion: 10.0.19041.1320
C:\WINDOWS\System32\ucrtbase.dll:ucrtbase.dll (00007FFEC3E80000), size: 1048576 (result: 0), SymType: '-exported-', PDB: 'C:\WINDOWS\System32\ucrtbase.dll', fileVersion: 10.0.19041.789
C:\WINDOWS\System32\USER32.dll:USER32.dll (00007FFEC49F0000), size: 1703936 (result: 0), SymType: '-exported-', PDB: 'C:\WINDOWS\System32\USER32.dll', fileVersion: 10.0.19041.1503
C:\WINDOWS\System32\win32u.dll:win32u.dll (00007FFEC3F80000), size: 139264 (result: 0), SymType: '-exported-', PDB: 'C:\WINDOWS\System32\win32u.dll', fileVersion: 10.0.19041.1706
C:\WINDOWS\System32\GDI32.dll:GDI32.dll (00007FFEC4570000), size: 172032 (result: 0), SymType: '-exported-', PDB: 'C:\WINDOWS\System32\GDI32.dll', fileVersion: 10.0.19041.1620
C:\WINDOWS\System32\gdi32full.dll:gdi32full.dll (00007FFEC4060000), size: 1093632 (result: 0), SymType: '-exported-', PDB: 'C:\WINDOWS\System32\gdi32full.dll', fileVersion: 10.0.19041.1706
C:\WINDOWS\System32\msvcp_win.dll:msvcp_win.dll (00007FFEC4170000), size: 643072 (result: 0), SymType: '-exported-', PDB: 'C:\WINDOWS\System32\msvcp_win.dll', fileVersion: 10.0.19041.789
C:\WINDOWS\System32\ADVAPI32.dll:ADVAPI32.dll (00007FFEC61A0000), size: 712704 (result: 0), SymType: '-exported-', PDB: 'C:\WINDOWS\System32\ADVAPI32.dll', fileVersion: 10.0.19041.1682
C:\WINDOWS\System32\msvcrt.dll:msvcrt.dll (00007FFEC5380000), size: 647168 (result: 0), SymType: '-exported-', PDB: 'C:\WINDOWS\System32\msvcrt.dll', fileVersion: 7.0.19041.546
C:\WINDOWS\System32\sechost.dll:sechost.dll (00007FFEC47A0000), size: 638976 (result: 0), SymType: '-exported-', PDB: 'C:\WINDOWS\System32\sechost.dll', fileVersion: 10.0.19041.1586
C:\WINDOWS\System32\RPCRT4.dll:RPCRT4.dll (00007FFEC5C40000), size: 1200128 (result: 0), SymType: '-exported-', PDB: 'C:\WINDOWS\System32\RPCRT4.dll', fileVersion: 10.0.19041.1706
C:\WINDOWS\System32\SHELL32.dll:SHELL32.dll (00007FFEC5420000), size: 7618560 (result: 0), SymType: '-exported-', PDB: 'C:\WINDOWS\System32\SHELL32.dll', fileVersion: 10.0.19041.1706
C:\WINDOWS\System32\SHLWAPI.dll:SHLWAPI.dll (00007FFEC6380000), size: 348160 (result: 0), SymType: '-exported-', PDB: 'C:\WINDOWS\System32\SHLWAPI.dll', fileVersion: 10.0.19041.1706
C:\WINDOWS\System32\ole32.dll:ole32.dll (00007FFEC6250000), size: 1220608 (result: 0), SymType: '-exported-', PDB: 'C:\WINDOWS\System32\ole32.dll', fileVersion: 10.0.19041.1202
C:\WINDOWS\System32\combase.dll:combase.dll (00007FFEC5E30000), size: 3489792 (result: 0), SymType: '-exported-', PDB: 'C:\WINDOWS\System32\combase.dll', fileVersion: 10.0.19041.1682
C:\WINDOWS\System32\IMM32.dll:IMM32.dll (00007FFEC4540000), size: 196608 (result: 0), SymType: '-exported-', PDB: 'C:\WINDOWS\System32\IMM32.dll', fileVersion: 10.0.19041.546
C:\WINDOWS\System32\SETUPAPI.dll:SETUPAPI.dll (00007FFEC4DD0000), size: 4657152 (result: 0), SymType: '-exported-', PDB: 'C:\WINDOWS\System32\SETUPAPI.dll', fileVersion: 10.0.19041.1682
C:\WINDOWS\System32\cfgmgr32.dll:cfgmgr32.dll (00007FFEC3D90000), size: 319488 (result: 0), SymType: '-exported-', PDB: 'C:\WINDOWS\System32\cfgmgr32.dll', fileVersion: 10.0.19041.1620
C:\WINDOWS\System32\bcrypt.dll:bcrypt.dll (00007FFEC3E50000), size: 159744 (result: 0), SymType: '-exported-', PDB: 'C:\WINDOWS\System32\bcrypt.dll', fileVersion: 10.0.19041.1023
C:\WINDOWS\System32\WS2_32.dll:WS2_32.dll (00007FFEC4730000), size: 438272 (result: 0), SymType: '-exported-', PDB: 'C:\WINDOWS\System32\WS2_32.dll', fileVersion: 10.0.19041.546
C:\WINDOWS\System32\OLEAUT32.dll:OLEAUT32.dll (00007FFEC5B70000), size: 839680 (result: 0), SymType: '-exported-', PDB: 'C:\WINDOWS\System32\OLEAUT32.dll', fileVersion: 10.0.19041.985
C:\WINDOWS\System32\WINTRUST.dll:WINTRUST.dll (00007FFEC3DE0000), size: 425984 (result: 0), SymType: '-exported-', PDB: 'C:\WINDOWS\System32\WINTRUST.dll', fileVersion: 10.0.19041.1682
C:\Program Files\Unity\Hub\Editor\2021.3.4f1\Editor\libfbxsdk.dll:libfbxsdk.dll (00007FFE91B80000), size: 10215424 (result: 0), SymType: '-exported-', PDB: 'C:\Program Files\Unity\Hub\Editor\2021.3.4f1\Editor\libfbxsdk.dll', fileVersion: 2020.2.0.0
